Using pre-set license
Built from '2021.3/staging' branch; Version is '2021.3.19f1 (c9714fde33b6) revision 13201743'; Using compiler version '192829333'; Build Type 'Release'
OS: 'Windows 11  (10.0.22621) 64bit Professional' Language: 'ko' Physical Memory: 32542 MB
BatchMode: 1, IsHumanControllingUs: 0, StartBugReporterOnCrash: 0, Is64bit: 1, IsPro: 1

COMMAND LINE ARGUMENTS:
F:\AIAclassdata\Unity\Unity Editor\2021.3.19f1\Editor\Unity.exe
-adb2
-batchMode
-noUpm
-name
AssetImportWorker2
-projectPath
F:/AIAclassdata/Unity/Unity Project/Multi_Mini
-logFile
Logs/AssetImportWorker2.log
-srvPort
51862
Successfully changed project path to: F:/AIAclassdata/Unity/Unity Project/Multi_Mini
F:/AIAclassdata/Unity/Unity Project/Multi_Mini
[UnityMemory] Configuration Parameters - Can be set up in boot.config
    "memorysetup-bucket-allocator-granularity=16"
    "memorysetup-bucket-allocator-bucket-count=8"
    "memorysetup-bucket-allocator-block-size=33554432"
    "memorysetup-bucket-allocator-block-count=8"
    "memorysetup-main-allocator-block-size=16777216"
    "memorysetup-thread-allocator-block-size=16777216"
    "memorysetup-gfx-main-allocator-block-size=16777216"
    "memorysetup-gfx-thread-allocator-block-size=16777216"
    "memorysetup-cache-allocator-block-size=4194304"
    "memorysetup-typetree-allocator-block-size=2097152"
    "memorysetup-profiler-bucket-allocator-granularity=16"
    "memorysetup-profiler-bucket-allocator-bucket-count=8"
    "memorysetup-profiler-bucket-allocator-block-size=33554432"
    "memorysetup-profiler-bucket-allocator-block-count=8"
    "memorysetup-profiler-allocator-block-size=16777216"
    "memorysetup-profiler-editor-allocator-block-size=1048576"
    "memorysetup-temp-allocator-size-main=16777216"
    "memorysetup-job-temp-allocator-block-size=2097152"
    "memorysetup-job-temp-allocator-block-size-background=1048576"
    "memorysetup-job-temp-allocator-reduction-small-platforms=262144"
    "memorysetup-temp-allocator-size-background-worker=32768"
    "memorysetup-temp-allocator-size-job-worker=262144"
    "memorysetup-temp-allocator-size-preload-manager=33554432"
    "memorysetup-temp-allocator-size-nav-mesh-worker=65536"
    "memorysetup-temp-allocator-size-audio-worker=65536"
    "memorysetup-temp-allocator-size-cloud-worker=32768"
    "memorysetup-temp-allocator-size-gi-baking-worker=262144"
    "memorysetup-temp-allocator-size-gfx=262144"
Player connection [12172] Host "[IP] 192.168.0.14 [Port] 0 [Flags] 2 [Guid] 2618830136 [EditorId] 2618830136 [Version] 1048832 [Id] WindowsEditor(7,DESKTOP-RA0QDOO) [Debug] 1 [PackageName] WindowsEditor [ProjectName] Editor" joined multi-casting on [225.0.0.222:54997]...

Player connection [12172] Host "[IP] 192.168.0.14 [Port] 0 [Flags] 2 [Guid] 2618830136 [EditorId] 2618830136 [Version] 1048832 [Id] WindowsEditor(7,DESKTOP-RA0QDOO) [Debug] 1 [PackageName] WindowsEditor [ProjectName] Editor" joined alternative multi-casting on [225.0.0.222:34997]...

Refreshing native plugins compatible for Editor in 109.32 ms, found 3 plugins.
Preloading 0 native plugins for Editor in 0.00 ms.
Initialize engine version: 2021.3.19f1 (c9714fde33b6)
[Subsystems] Discovering subsystems at path F:/AIAclassdata/Unity/Unity Editor/2021.3.19f1/Editor/Data/Resources/UnitySubsystems
[Subsystems] Discovering subsystems at path F:/AIAclassdata/Unity/Unity Project/Multi_Mini/Assets
GfxDevice: creating device client; threaded=0; jobified=0
Direct3D:
    Version:  Direct3D 11.0 [level 11.1]
    Renderer: NVIDIA GeForce RTX 2080 (ID=0x1e82)
    Vendor:   NVIDIA
    VRAM:     8011 MB
    Driver:   31.0.15.1766
Initialize mono
Mono path[0] = 'F:/AIAclassdata/Unity/Unity Editor/2021.3.19f1/Editor/Data/Managed'
Mono path[1] = 'F:/AIAclassdata/Unity/Unity Editor/2021.3.19f1/Editor/Data/MonoBleedingEdge/lib/mono/unityjit-win32'
Mono config path = 'F:/AIAclassdata/Unity/Unity Editor/2021.3.19f1/Editor/Data/MonoBleedingEdge/etc'
Using monoOptions --debugger-agent=transport=dt_socket,embedding=1,server=y,suspend=n,address=127.0.0.1:56960
Begin MonoManager ReloadAssembly
Registering precompiled unity dll's ...
Register platform support module: F:/AIAclassdata/Unity/Unity Editor/2021.3.19f1/Editor/Data/PlaybackEngines/WebGLSupport/UnityEditor.WebGL.Extensions.dll
Register platform support module: F:/AIAclassdata/Unity/Unity Editor/2021.3.19f1/Editor/Data/PlaybackEngines/AndroidPlayer/UnityEditor.Android.Extensions.dll
Register platform support module: F:/AIAclassdata/Unity/Unity Editor/2021.3.19f1/Editor/Data/PlaybackEngines/WindowsStandaloneSupport/UnityEditor.WindowsStandalone.Extensions.dll
Registered in 0.033286 seconds.
Native extension for WindowsStandalone target not found
Native extension for Android target not found
Android Extension - Scanning For ADB Devices 203 ms
Native extension for WebGL target not found
Refreshing native plugins compatible for Editor in 91.47 ms, found 3 plugins.
Preloading 0 native plugins for Editor in 0.00 ms.
Mono: successfully reloaded assembly
- Completed reload, in  0.993 seconds
Domain Reload Profiling:
	ReloadAssembly (993ms)
		BeginReloadAssembly (133ms)
			ExecutionOrderSort (0ms)
			DisableScriptedObjects (0ms)
			BackupInstance (0ms)
			ReleaseScriptingObjects (0ms)
			CreateAndSetChildDomain (1ms)
		EndReloadAssembly (713ms)
			LoadAssemblies (134ms)
			RebuildTransferFunctionScriptingTraits (0ms)
			SetupTypeCache (124ms)
			ReleaseScriptCaches (0ms)
			RebuildScriptCaches (31ms)
			SetupLoadedEditorAssemblies (504ms)
				LogAssemblyErrors (0ms)
				InitializePlatformSupportModulesInManaged (281ms)
				SetLoadedEditorAssemblies (0ms)
				RefreshPlugins (92ms)
				BeforeProcessingInitializeOnLoad (1ms)
				ProcessInitializeOnLoadAttributes (89ms)
				ProcessInitializeOnLoadMethodAttributes (40ms)
				AfterProcessingInitializeOnLoad (0ms)
				EditorAssembliesLoaded (0ms)
			ExecutionOrderSort2 (0ms)
			AwakeInstancesAfterBackupRestoration (0ms)
Platform modules already initialized, skipping
Registering precompiled user dll's ...
Registered in 0.003904 seconds.
Begin MonoManager ReloadAssembly
Symbol file LoadedFromMemory doesn't match image F:\AIAclassdata\Unity\Unity Project\Multi_Mini\Library\PackageCache\com.unity.visualscripting@1.8.0\Editor\VisualScripting.Core\Dependencies\YamlDotNet\Unity.VisualScripting.YamlDotNet.dll
Symbol file LoadedFromMemory doesn't match image F:\AIAclassdata\Unity\Unity Project\Multi_Mini\Library\PackageCache\com.unity.visualscripting@1.8.0\Editor\VisualScripting.Core\Dependencies\DotNetZip\Unity.VisualScripting.IonicZip.dll
Native extension for WindowsStandalone target not found
Native extension for Android target not found
Native extension for WebGL target not found
Refreshing native plugins compatible for Editor in 0.81 ms, found 3 plugins.
Preloading 0 native plugins for Editor in 0.00 ms.
Mono: successfully reloaded assembly
- Completed reload, in  1.240 seconds
Domain Reload Profiling:
	ReloadAssembly (1241ms)
		BeginReloadAssembly (157ms)
			ExecutionOrderSort (0ms)
			DisableScriptedObjects (6ms)
			BackupInstance (0ms)
			ReleaseScriptingObjects (0ms)
			CreateAndSetChildDomain (17ms)
		EndReloadAssembly (969ms)
			LoadAssemblies (138ms)
			RebuildTransferFunctionScriptingTraits (0ms)
			SetupTypeCache (296ms)
			ReleaseScriptCaches (1ms)
			RebuildScriptCaches (60ms)
			SetupLoadedEditorAssemblies (480ms)
				LogAssemblyErrors (0ms)
				InitializePlatformSupportModulesInManaged (34ms)
				SetLoadedEditorAssemblies (0ms)
				RefreshPlugins (1ms)
				BeforeProcessingInitializeOnLoad (123ms)
				ProcessInitializeOnLoadAttributes (282ms)
				ProcessInitializeOnLoadMethodAttributes (24ms)
				AfterProcessingInitializeOnLoad (15ms)
				EditorAssembliesLoaded (0ms)
			ExecutionOrderSort2 (0ms)
			AwakeInstancesAfterBackupRestoration (5ms)
Platform modules already initialized, skipping
========================================================================
Worker process is ready to serve import requests
Launched and connected shader compiler UnityShaderCompiler.exe after 0.06 seconds
Refreshing native plugins compatible for Editor in 0.74 ms, found 3 plugins.
Preloading 0 native plugins for Editor in 0.00 ms.
Unloading 3312 Unused Serialized files (Serialized files now loaded: 0)
Unloading 30 unused Assets / (113.7 KB). Loaded Objects now: 3777.
Memory consumption went from 125.4 MB to 125.3 MB.
Total: 2.666600 ms (FindLiveObjects: 0.235300 ms CreateObjectMapping: 0.164900 ms MarkObjects: 2.173400 ms  DeleteObjects: 0.092300 ms)

AssetImportParameters requested are different than current active one (requested -> active):
  custom:video-decoder-ogg-theora: a1e56fd34408186e4bbccfd4996cb3dc -> 
  custom:container-muxer-webm: aa71ff27fc2769a1b78a27578f13a17b -> 
  custom:container-demuxer-webm: 4f35f7cbe854078d1ac9338744f61a02 -> 
  custom:video-encoder-webm-vp8: eb34c28f22e8b96e1ab97ce403110664 -> 
  custom:audio-encoder-webm-vorbis: bf7c407c2cedff20999df2af8eb42d56 -> 
  custom:framework-win-MediaFoundation: 216162199b28c13a410421893ffa2e32 -> 
  custom:container-demuxer-ogg: 62fdf1f143b41e24485cea50d1cbac27 -> 
  custom:video-decoder-webm-vp8: 9c59270c3fd7afecdb556c50c9e8de78 -> 
  custom:audio-decoder-ogg-vorbis: bf7c407c2cedff20999df2af8eb42d56 -> 
========================================================================
Received Import Request.
  Time since last request: 955245.166909 seconds.
  path: Assets/PolygonBattleRoyale/Models/SM_Env_Port_Wall_01_Convex.asset
  artifactKey: Guid(29ee4e562da64dd41902e0c94db7aa50) Importer(815301076,1909f56bfc062723c751e8b465ee728b)
Start importing Assets/PolygonBattleRoyale/Models/SM_Env_Port_Wall_01_Convex.asset using Guid(29ee4e562da64dd41902e0c94db7aa50) Importer(815301076,1909f56bfc062723c751e8b465ee728b)  -> (artifact id: '812dacca1dfdf37ae8318fa2f4e7fe20') in 0.132953 seconds 
========================================================================
Received Prepare
Registering precompiled user dll's ...
Registered in 0.016782 seconds.
Begin MonoManager ReloadAssembly
Symbol file LoadedFromMemory doesn't match image F:\AIAclassdata\Unity\Unity Project\Multi_Mini\Library\PackageCache\com.unity.visualscripting@1.8.0\Editor\VisualScripting.Core\Dependencies\YamlDotNet\Unity.VisualScripting.YamlDotNet.dll
Symbol file LoadedFromMemory doesn't match image F:\AIAclassdata\Unity\Unity Project\Multi_Mini\Library\PackageCache\com.unity.visualscripting@1.8.0\Editor\VisualScripting.Core\Dependencies\DotNetZip\Unity.VisualScripting.IonicZip.dll
Native extension for WindowsStandalone target not found
Native extension for Android target not found
Native extension for WebGL target not found
Refreshing native plugins compatible for Editor in 0.72 ms, found 3 plugins.
Preloading 0 native plugins for Editor in 0.00 ms.
Mono: successfully reloaded assembly
- Completed reload, in  1.244 seconds
Domain Reload Profiling:
	ReloadAssembly (1245ms)
		BeginReloadAssembly (236ms)
			ExecutionOrderSort (0ms)
			DisableScriptedObjects (5ms)
			BackupInstance (0ms)
			ReleaseScriptingObjects (0ms)
			CreateAndSetChildDomain (31ms)
		EndReloadAssembly (900ms)
			LoadAssemblies (185ms)
			RebuildTransferFunctionScriptingTraits (0ms)
			SetupTypeCache (278ms)
			ReleaseScriptCaches (1ms)
			RebuildScriptCaches (43ms)
			SetupLoadedEditorAssemblies (437ms)
				LogAssemblyErrors (0ms)
				InitializePlatformSupportModulesInManaged (49ms)
				SetLoadedEditorAssemblies (0ms)
				RefreshPlugins (1ms)
				BeforeProcessingInitializeOnLoad (130ms)
				ProcessInitializeOnLoadAttributes (215ms)
				ProcessInitializeOnLoadMethodAttributes (24ms)
				AfterProcessingInitializeOnLoad (18ms)
				EditorAssembliesLoaded (0ms)
			ExecutionOrderSort2 (0ms)
			AwakeInstancesAfterBackupRestoration (7ms)
Platform modules already initialized, skipping
Refreshing native plugins compatible for Editor in 1.73 ms, found 3 plugins.
Preloading 0 native plugins for Editor in 0.00 ms.
Unloading 3298 Unused Serialized files (Serialized files now loaded: 0)
Unloading 22 unused Assets / (80.2 KB). Loaded Objects now: 3792.
Memory consumption went from 128.6 MB to 128.5 MB.
Total: 2.603200 ms (FindLiveObjects: 0.230900 ms CreateObjectMapping: 0.132800 ms MarkObjects: 2.159400 ms  DeleteObjects: 0.079300 ms)

AssetImportParameters requested are different than current active one (requested -> active):
  custom:video-decoder-ogg-theora: a1e56fd34408186e4bbccfd4996cb3dc -> 
  custom:container-muxer-webm: aa71ff27fc2769a1b78a27578f13a17b -> 
  custom:container-demuxer-webm: 4f35f7cbe854078d1ac9338744f61a02 -> 
  custom:video-encoder-webm-vp8: eb34c28f22e8b96e1ab97ce403110664 -> 
  custom:audio-encoder-webm-vorbis: bf7c407c2cedff20999df2af8eb42d56 -> 
  custom:framework-win-MediaFoundation: 216162199b28c13a410421893ffa2e32 -> 
  custom:container-demuxer-ogg: 62fdf1f143b41e24485cea50d1cbac27 -> 
  custom:video-decoder-webm-vp8: 9c59270c3fd7afecdb556c50c9e8de78 -> 
  custom:audio-decoder-ogg-vorbis: bf7c407c2cedff20999df2af8eb42d56 -> 
========================================================================
Received Prepare
Registering precompiled user dll's ...
Registered in 0.003473 seconds.
Begin MonoManager ReloadAssembly
Symbol file LoadedFromMemory doesn't match image F:\AIAclassdata\Unity\Unity Project\Multi_Mini\Library\PackageCache\com.unity.visualscripting@1.8.0\Editor\VisualScripting.Core\Dependencies\YamlDotNet\Unity.VisualScripting.YamlDotNet.dll
Symbol file LoadedFromMemory doesn't match image F:\AIAclassdata\Unity\Unity Project\Multi_Mini\Library\PackageCache\com.unity.visualscripting@1.8.0\Editor\VisualScripting.Core\Dependencies\DotNetZip\Unity.VisualScripting.IonicZip.dll
Native extension for WindowsStandalone target not found
Native extension for Android target not found
Native extension for WebGL target not found
Refreshing native plugins compatible for Editor in 0.84 ms, found 3 plugins.
Preloading 0 native plugins for Editor in 0.00 ms.
Mono: successfully reloaded assembly
- Completed reload, in  1.272 seconds
Domain Reload Profiling:
	ReloadAssembly (1273ms)
		BeginReloadAssembly (301ms)
			ExecutionOrderSort (0ms)
			DisableScriptedObjects (6ms)
			BackupInstance (0ms)
			ReleaseScriptingObjects (0ms)
			CreateAndSetChildDomain (34ms)
		EndReloadAssembly (855ms)
			LoadAssemblies (256ms)
			RebuildTransferFunctionScriptingTraits (0ms)
			SetupTypeCache (278ms)
			ReleaseScriptCaches (1ms)
			RebuildScriptCaches (39ms)
			SetupLoadedEditorAssemblies (399ms)
				LogAssemblyErrors (0ms)
				InitializePlatformSupportModulesInManaged (43ms)
				SetLoadedEditorAssemblies (0ms)
				RefreshPlugins (1ms)
				BeforeProcessingInitializeOnLoad (133ms)
				ProcessInitializeOnLoadAttributes (184ms)
				ProcessInitializeOnLoadMethodAttributes (20ms)
				AfterProcessingInitializeOnLoad (18ms)
				EditorAssembliesLoaded (0ms)
			ExecutionOrderSort2 (0ms)
			AwakeInstancesAfterBackupRestoration (5ms)
Platform modules already initialized, skipping
Refreshing native plugins compatible for Editor in 1.62 ms, found 3 plugins.
Preloading 0 native plugins for Editor in 0.00 ms.
Unloading 3298 Unused Serialized files (Serialized files now loaded: 0)
Unloading 22 unused Assets / (80.2 KB). Loaded Objects now: 3796.
Memory consumption went from 128.6 MB to 128.5 MB.
Total: 2.358000 ms (FindLiveObjects: 0.219300 ms CreateObjectMapping: 0.121500 ms MarkObjects: 1.945500 ms  DeleteObjects: 0.070900 ms)

AssetImportParameters requested are different than current active one (requested -> active):
  custom:video-decoder-ogg-theora: a1e56fd34408186e4bbccfd4996cb3dc -> 
  custom:container-muxer-webm: aa71ff27fc2769a1b78a27578f13a17b -> 
  custom:container-demuxer-webm: 4f35f7cbe854078d1ac9338744f61a02 -> 
  custom:video-encoder-webm-vp8: eb34c28f22e8b96e1ab97ce403110664 -> 
  custom:audio-encoder-webm-vorbis: bf7c407c2cedff20999df2af8eb42d56 -> 
  custom:framework-win-MediaFoundation: 216162199b28c13a410421893ffa2e32 -> 
  custom:container-demuxer-ogg: 62fdf1f143b41e24485cea50d1cbac27 -> 
  custom:video-decoder-webm-vp8: 9c59270c3fd7afecdb556c50c9e8de78 -> 
  custom:audio-decoder-ogg-vorbis: bf7c407c2cedff20999df2af8eb42d56 -> 
========================================================================
Received Import Request.
  Time since last request: 373.350526 seconds.
  path: Assets/Photon/PhotonUnityNetworking/Demos/PunBasics-Tutorial/Materials/UnitTextureRed12x.mat
  artifactKey: Guid(3f171282ef46c4fbea54d9ab581fcb83) Importer(815301076,1909f56bfc062723c751e8b465ee728b)
Start importing Assets/Photon/PhotonUnityNetworking/Demos/PunBasics-Tutorial/Materials/UnitTextureRed12x.mat using Guid(3f171282ef46c4fbea54d9ab581fcb83) Importer(815301076,1909f56bfc062723c751e8b465ee728b)  -> (artifact id: '5aff4835393df4f21bc7b81903b6a292') in 0.158700 seconds 
========================================================================
Received Import Request.
  Time since last request: 0.000024 seconds.
  path: Assets/Photon/PhotonUnityNetworking/Demos/DemoSlotRacer/Kenney Assets/Stylized city/Materials/windows_2.mat
  artifactKey: Guid(db1318ffb13bfef419a8dad09473425d) Importer(815301076,1909f56bfc062723c751e8b465ee728b)
Start importing Assets/Photon/PhotonUnityNetworking/Demos/DemoSlotRacer/Kenney Assets/Stylized city/Materials/windows_2.mat using Guid(db1318ffb13bfef419a8dad09473425d) Importer(815301076,1909f56bfc062723c751e8b465ee728b)  -> (artifact id: '1ce5224c3663be3cb37081ba11b2d3dd') in 0.040623 seconds 
========================================================================
Received Import Request.
  Time since last request: 0.000027 seconds.
  path: Assets/Photon/PhotonUnityNetworking/Demos/DemoAsteroids/Materials/WhiteSmooth.mat
  artifactKey: Guid(b05171e12835ff84fb155f51d69d7c31) Importer(815301076,1909f56bfc062723c751e8b465ee728b)
Start importing Assets/Photon/PhotonUnityNetworking/Demos/DemoAsteroids/Materials/WhiteSmooth.mat using Guid(b05171e12835ff84fb155f51d69d7c31) Importer(815301076,1909f56bfc062723c751e8b465ee728b)  -> (artifact id: '62ff0edbdaab1b762e7b3dae11372b20') in 0.062804 seconds 
========================================================================
Received Import Request.
  Time since last request: 0.000014 seconds.
  path: Assets/Photon/PhotonUnityNetworking/Demos/DemoProcedural/Materials/Yellow.mat
  artifactKey: Guid(90623549d4482f042ade35d8a0758e35) Importer(815301076,1909f56bfc062723c751e8b465ee728b)
Start importing Assets/Photon/PhotonUnityNetworking/Demos/DemoProcedural/Materials/Yellow.mat using Guid(90623549d4482f042ade35d8a0758e35) Importer(815301076,1909f56bfc062723c751e8b465ee728b)  -> (artifact id: '668fd2550da06f7c633df84b7c3a6d64') in 0.026221 seconds 
========================================================================
Received Import Request.
  Time since last request: 0.791153 seconds.
  path: Assets/Photon/PhotonUnityNetworking/Demos/Shared Assets/Materials/UnitCircleMaterial.mat
  artifactKey: Guid(fb6c12085a6b0a5429029fcd6478a816) Importer(815301076,1909f56bfc062723c751e8b465ee728b)
Start importing Assets/Photon/PhotonUnityNetworking/Demos/Shared Assets/Materials/UnitCircleMaterial.mat using Guid(fb6c12085a6b0a5429029fcd6478a816) Importer(815301076,1909f56bfc062723c751e8b465ee728b)  -> (artifact id: '574b7c11ad94cd7c0effc9a4b6cd8155') in 0.183975 seconds 
========================================================================
Received Import Request.
  Time since last request: 0.000021 seconds.
  path: Assets/Photon/PhotonUnityNetworking/Demos/Shared Assets/Materials/UnitTextureRed.mat
  artifactKey: Guid(4c506c95d32f3494e9453ef5c0124b0e) Importer(815301076,1909f56bfc062723c751e8b465ee728b)
Start importing Assets/Photon/PhotonUnityNetworking/Demos/Shared Assets/Materials/UnitTextureRed.mat using Guid(4c506c95d32f3494e9453ef5c0124b0e) Importer(815301076,1909f56bfc062723c751e8b465ee728b)  -> (artifact id: '6e6e0180eb3f45ebca4fb5baabc1bd05') in 0.027540 seconds 
========================================================================
Received Import Request.
  Time since last request: 0.000025 seconds.
  path: Assets/52SpecialEffectPack/Texture/Star.mat
  artifactKey: Guid(4b8c7e1f32be1ca4584989c6346ea76f) Importer(815301076,1909f56bfc062723c751e8b465ee728b)
Start importing Assets/52SpecialEffectPack/Texture/Star.mat using Guid(4b8c7e1f32be1ca4584989c6346ea76f) Importer(815301076,1909f56bfc062723c751e8b465ee728b)  -> (artifact id: '5108476b487653596399e4994ff9fb90') in 0.031207 seconds 
========================================================================
Received Import Request.
  Time since last request: 0.000018 seconds.
  path: Assets/52SpecialEffectPack/Texture/Star2.mat
  artifactKey: Guid(942ec76043123ba4e9a9850937176d82) Importer(815301076,1909f56bfc062723c751e8b465ee728b)
Start importing Assets/52SpecialEffectPack/Texture/Star2.mat using Guid(942ec76043123ba4e9a9850937176d82) Importer(815301076,1909f56bfc062723c751e8b465ee728b)  -> (artifact id: '8f8ed74afc547ee077b1b77e87055e67') in 0.028163 seconds 
========================================================================
Received Import Request.
  Time since last request: 0.000018 seconds.
  path: Assets/Photon/PhotonUnityNetworking/Demos/Shared Assets/Animations/Materials/TongueMaterial.mat
  artifactKey: Guid(28498b9ebcb776a46b3c9479a664bfc7) Importer(815301076,1909f56bfc062723c751e8b465ee728b)
Start importing Assets/Photon/PhotonUnityNetworking/Demos/Shared Assets/Animations/Materials/TongueMaterial.mat using Guid(28498b9ebcb776a46b3c9479a664bfc7) Importer(815301076,1909f56bfc062723c751e8b465ee728b)  -> (artifact id: 'bf922763e20ac3f9c1e12d5406fe0411') in 0.026529 seconds 
========================================================================
Received Import Request.
  Time since last request: 0.000015 seconds.
  path: Assets/Photon/PhotonUnityNetworking/Demos/Shared Assets/Animations/Materials/TeethMaterial.mat
  artifactKey: Guid(17dd34e8a826d0641a0e0f43da1e03a0) Importer(815301076,1909f56bfc062723c751e8b465ee728b)
Start importing Assets/Photon/PhotonUnityNetworking/Demos/Shared Assets/Animations/Materials/TeethMaterial.mat using Guid(17dd34e8a826d0641a0e0f43da1e03a0) Importer(815301076,1909f56bfc062723c751e8b465ee728b)  -> (artifact id: '9cbc88663d84da7af8750a02077ceb97') in 0.031995 seconds 
========================================================================
Received Import Request.
  Time since last request: 0.000020 seconds.
  path: Assets/Photon/PhotonUnityNetworking/Demos/Shared Assets/Materials/UnitTextureBlue12x.mat
  artifactKey: Guid(c676d877ef241ab4686e2f237b1e2f13) Importer(815301076,1909f56bfc062723c751e8b465ee728b)
Start importing Assets/Photon/PhotonUnityNetworking/Demos/Shared Assets/Materials/UnitTextureBlue12x.mat using Guid(c676d877ef241ab4686e2f237b1e2f13) Importer(815301076,1909f56bfc062723c751e8b465ee728b)  -> (artifact id: '9228923960c42abb66ae5b6395f52cf0') in 0.026370 seconds 
========================================================================
Received Import Request.
  Time since last request: 0.000020 seconds.
  path: Assets/52SpecialEffectPack/Texture/Star4.mat
  artifactKey: Guid(c396f9496be2bcd428a7bd0d3a4826f5) Importer(815301076,1909f56bfc062723c751e8b465ee728b)
Start importing Assets/52SpecialEffectPack/Texture/Star4.mat using Guid(c396f9496be2bcd428a7bd0d3a4826f5) Importer(815301076,1909f56bfc062723c751e8b465ee728b)  -> (artifact id: '16c89aed8f9eea133bc1f48a92745dd9') in 0.031427 seconds 
========================================================================
Received Import Request.
  Time since last request: 0.000026 seconds.
  path: Assets/PolygonBattleRoyale/Models/Materials/Texture.mat
  artifactKey: Guid(cfd361659922d694e895841b3feeb826) Importer(815301076,1909f56bfc062723c751e8b465ee728b)
Start importing Assets/PolygonBattleRoyale/Models/Materials/Texture.mat using Guid(cfd361659922d694e895841b3feeb826) Importer(815301076,1909f56bfc062723c751e8b465ee728b)  -> (artifact id: 'c6c8342055c442ed75c7dbe397a34ae5') in 0.026009 seconds 
========================================================================
Received Import Request.
  Time since last request: 8.073736 seconds.
  path: Assets/52SpecialEffectPack/Texture/Spark.mat
  artifactKey: Guid(2e3993fb141ec334b9d10e0476cacde2) Importer(815301076,1909f56bfc062723c751e8b465ee728b)
Start importing Assets/52SpecialEffectPack/Texture/Spark.mat using Guid(2e3993fb141ec334b9d10e0476cacde2) Importer(815301076,1909f56bfc062723c751e8b465ee728b)  -> (artifact id: '61e2975ce9467b7b5bc89d1aa54a0acc') in 0.053955 seconds 
========================================================================
Received Import Request.
  Time since last request: 0.000015 seconds.
  path: Assets/52SpecialEffectPack/Texture/Smoke2.mat
  artifactKey: Guid(adaae5bb3c477e044b84ec1349b1b83f) Importer(815301076,1909f56bfc062723c751e8b465ee728b)
Start importing Assets/52SpecialEffectPack/Texture/Smoke2.mat using Guid(adaae5bb3c477e044b84ec1349b1b83f) Importer(815301076,1909f56bfc062723c751e8b465ee728b)  -> (artifact id: '6633075c30266c52d77110b4210b240c') in 0.033080 seconds 
========================================================================
Received Import Request.
  Time since last request: 0.000020 seconds.
  path: Assets/52SpecialEffectPack/Texture/Spark4.mat
  artifactKey: Guid(68a18fadc3832fe4a92ab0c9e7567997) Importer(815301076,1909f56bfc062723c751e8b465ee728b)
Start importing Assets/52SpecialEffectPack/Texture/Spark4.mat using Guid(68a18fadc3832fe4a92ab0c9e7567997) Importer(815301076,1909f56bfc062723c751e8b465ee728b)  -> (artifact id: '65a589fdfa19cc3e241f01cc185f216b') in 0.033231 seconds 
========================================================================
Received Import Request.
  Time since last request: 0.000023 seconds.
  path: Assets/52SpecialEffectPack/Texture/Smoke.mat
  artifactKey: Guid(ed9050a5cafca2c43ad22365fbc83f00) Importer(815301076,1909f56bfc062723c751e8b465ee728b)
Start importing Assets/52SpecialEffectPack/Texture/Smoke.mat using Guid(ed9050a5cafca2c43ad22365fbc83f00) Importer(815301076,1909f56bfc062723c751e8b465ee728b)  -> (artifact id: '087c761dc7e87c8c34c7b035fd072dc9') in 0.033298 seconds 
========================================================================
Received Import Request.
  Time since last request: 0.000015 seconds.
  path: Assets/52SpecialEffectPack/Texture/Ring7.mat
  artifactKey: Guid(0ab4633670105af48a21aa4062e2409a) Importer(815301076,1909f56bfc062723c751e8b465ee728b)
Start importing Assets/52SpecialEffectPack/Texture/Ring7.mat using Guid(0ab4633670105af48a21aa4062e2409a) Importer(815301076,1909f56bfc062723c751e8b465ee728b)  -> (artifact id: '0ea07da8e54fb16ed5c47a0cfc1e068f') in 0.033613 seconds 
========================================================================
Received Import Request.
  Time since last request: 0.000014 seconds.
  path: Assets/52SpecialEffectPack/Texture/Smoke3.mat
  artifactKey: Guid(e5cf9e7358a8c2048b0ff260e9813b4d) Importer(815301076,1909f56bfc062723c751e8b465ee728b)
Start importing Assets/52SpecialEffectPack/Texture/Smoke3.mat using Guid(e5cf9e7358a8c2048b0ff260e9813b4d) Importer(815301076,1909f56bfc062723c751e8b465ee728b)  -> (artifact id: 'a8002bc21cc15e83288a34a9889f7a88') in 0.035255 seconds 
========================================================================
Received Import Request.
  Time since last request: 0.000014 seconds.
  path: Assets/Photon/PhotonUnityNetworking/Demos/DemoSlotRacer/Kenney Assets/Stylized city/Materials/roof.mat
  artifactKey: Guid(ede00b712b6fb134282e1efba44fefd8) Importer(815301076,1909f56bfc062723c751e8b465ee728b)
Start importing Assets/Photon/PhotonUnityNetworking/Demos/DemoSlotRacer/Kenney Assets/Stylized city/Materials/roof.mat using Guid(ede00b712b6fb134282e1efba44fefd8) Importer(815301076,1909f56bfc062723c751e8b465ee728b)  -> (artifact id: 'fde92970e16d48dfe0c4c2efcb617595') in 0.021861 seconds 
========================================================================
Received Import Request.
  Time since last request: 0.285105 seconds.
  path: Assets/Photon/PhotonUnityNetworking/Demos/PunBasics-Tutorial/Materials/Red Beam.mat
  artifactKey: Guid(409bf720e9924426b9f253cf037a8f4e) Importer(815301076,1909f56bfc062723c751e8b465ee728b)
Start importing Assets/Photon/PhotonUnityNetworking/Demos/PunBasics-Tutorial/Materials/Red Beam.mat using Guid(409bf720e9924426b9f253cf037a8f4e) Importer(815301076,1909f56bfc062723c751e8b465ee728b)  -> (artifact id: 'd79e09d0bd264ead655868128a042586') in 0.029644 seconds 
========================================================================
Received Import Request.
  Time since last request: 0.000014 seconds.
  path: Assets/52SpecialEffectPack/Texture/Ring4.mat
  artifactKey: Guid(efc9e3eaad961d64489e52fc06b53ea8) Importer(815301076,1909f56bfc062723c751e8b465ee728b)
Start importing Assets/52SpecialEffectPack/Texture/Ring4.mat using Guid(efc9e3eaad961d64489e52fc06b53ea8) Importer(815301076,1909f56bfc062723c751e8b465ee728b)  -> (artifact id: '885e86a2f84a23a39360361c68787e66') in 0.037806 seconds 
========================================================================
Received Import Request.
  Time since last request: 0.212904 seconds.
  path: Assets/PolygonBattleRoyale/Models/Characters/Materials/PolygonMilitary_Texture_01_B.mat
  artifactKey: Guid(affd3da7e6ba2ff44a050ecb50d40fa7) Importer(815301076,1909f56bfc062723c751e8b465ee728b)
Start importing Assets/PolygonBattleRoyale/Models/Characters/Materials/PolygonMilitary_Texture_01_B.mat using Guid(affd3da7e6ba2ff44a050ecb50d40fa7) Importer(815301076,1909f56bfc062723c751e8b465ee728b)  -> (artifact id: '4e7f7a6ef0d787c8b8b216043b0e6266') in 0.040616 seconds 
========================================================================
Received Import Request.
  Time since last request: 0.000016 seconds.
  path: Assets/Photon/PhotonUnityNetworking/Demos/DemoProcedural/Materials/Red.mat
  artifactKey: Guid(ad7ce727a68a61f4897679b81da7b344) Importer(815301076,1909f56bfc062723c751e8b465ee728b)
Start importing Assets/Photon/PhotonUnityNetworking/Demos/DemoProcedural/Materials/Red.mat using Guid(ad7ce727a68a61f4897679b81da7b344) Importer(815301076,1909f56bfc062723c751e8b465ee728b)  -> (artifact id: 'a0b50ae7556d7dedd97b021c7b3d4884') in 0.032043 seconds 
========================================================================
Received Import Request.
  Time since last request: 0.391091 seconds.
  path: Assets/PolygonBattleRoyale/Materials/Alts/PolygonBattleRoyale_Veh_Tank_Tracks.mat
  artifactKey: Guid(11506cd46baeff649a0c2c03f1257047) Importer(815301076,1909f56bfc062723c751e8b465ee728b)
Start importing Assets/PolygonBattleRoyale/Materials/Alts/PolygonBattleRoyale_Veh_Tank_Tracks.mat using Guid(11506cd46baeff649a0c2c03f1257047) Importer(815301076,1909f56bfc062723c751e8b465ee728b)  -> (artifact id: '7180f3baaa2dbef3d056274557fa6605') in 0.045059 seconds 
========================================================================
Received Import Request.
  Time since last request: 0.000017 seconds.
  path: Assets/PolygonBattleRoyale/Materials/Alts/PolygonBattleRoyale_Wep_Gold.mat
  artifactKey: Guid(24988e15d862eb048b31a7adc6c8cc32) Importer(815301076,1909f56bfc062723c751e8b465ee728b)
Start importing Assets/PolygonBattleRoyale/Materials/Alts/PolygonBattleRoyale_Wep_Gold.mat using Guid(24988e15d862eb048b31a7adc6c8cc32) Importer(815301076,1909f56bfc062723c751e8b465ee728b)  -> (artifact id: 'd4fd25072325b0f08ea1cf1e4f273194') in 0.422898 seconds 
========================================================================
Received Import Request.
  Time since last request: 0.000025 seconds.
  path: Assets/PolygonBattleRoyale/Materials/Alts/PolygonBattleRoyale_Veh_06.mat
  artifactKey: Guid(820c934a18125d74480ffef1420d426e) Importer(815301076,1909f56bfc062723c751e8b465ee728b)
Start importing Assets/PolygonBattleRoyale/Materials/Alts/PolygonBattleRoyale_Veh_06.mat using Guid(820c934a18125d74480ffef1420d426e) Importer(815301076,1909f56bfc062723c751e8b465ee728b)  -> (artifact id: '0cea488e3f8aa2a457db76a9ced65607') in 0.161199 seconds 
========================================================================
Received Import Request.
  Time since last request: 0.000016 seconds.
  path: Assets/PolygonBattleRoyale/Materials/FX/PolygonBattleRoyale_FX_Rain.mat
  artifactKey: Guid(47be28ae53899c440a4bdc7de32df96c) Importer(815301076,1909f56bfc062723c751e8b465ee728b)
Start importing Assets/PolygonBattleRoyale/Materials/FX/PolygonBattleRoyale_FX_Rain.mat using Guid(47be28ae53899c440a4bdc7de32df96c) Importer(815301076,1909f56bfc062723c751e8b465ee728b)  -> (artifact id: '634b7b0ca5b398c561ef68d1512b5fb5') in 0.124244 seconds 
========================================================================
Received Import Request.
  Time since last request: 0.000017 seconds.
  path: Assets/PolygonBattleRoyale/Materials/Alts/PolygonBattleRoyale_Veh_Plane_Destroyed_01.mat
  artifactKey: Guid(2e2af61a9b4cd2e4aa1ba3b3238fd0f5) Importer(815301076,1909f56bfc062723c751e8b465ee728b)
Start importing Assets/PolygonBattleRoyale/Materials/Alts/PolygonBattleRoyale_Veh_Plane_Destroyed_01.mat using Guid(2e2af61a9b4cd2e4aa1ba3b3238fd0f5) Importer(815301076,1909f56bfc062723c751e8b465ee728b)  -> (artifact id: '117118bedfb71a71cebb2baf858f7e58') in 0.028015 seconds 
========================================================================
Received Import Request.
  Time since last request: 0.000024 seconds.
  path: Assets/PolygonBattleRoyale/Materials/FX/PolygonBattleRoyale_FX_Default.mat
  artifactKey: Guid(d167ef288d96bb84ca9743bf908f53cf) Importer(815301076,1909f56bfc062723c751e8b465ee728b)
Start importing Assets/PolygonBattleRoyale/Materials/FX/PolygonBattleRoyale_FX_Default.mat using Guid(d167ef288d96bb84ca9743bf908f53cf) Importer(815301076,1909f56bfc062723c751e8b465ee728b)  -> (artifact id: '84516d2a03cc1799a58136d8e7648927') in 0.026734 seconds 
========================================================================
Received Import Request.
  Time since last request: 0.000019 seconds.
  path: Assets/PolygonBattleRoyale/Materials/Alts/PolygonBattleRoyale_04_C.mat
  artifactKey: Guid(66726266de844d9429d9470341916e07) Importer(815301076,1909f56bfc062723c751e8b465ee728b)
Start importing Assets/PolygonBattleRoyale/Materials/Alts/PolygonBattleRoyale_04_C.mat using Guid(66726266de844d9429d9470341916e07) Importer(815301076,1909f56bfc062723c751e8b465ee728b)  -> (artifact id: 'a38786aa9aac07bc3e6e406031f83f2b') in 0.176427 seconds 
========================================================================
Received Import Request.
  Time since last request: 0.000019 seconds.
  path: Assets/PolygonBattleRoyale/Materials/FX/PolygonBattleRoyale_FX_Generic.mat
  artifactKey: Guid(fa9e67520e3a0c04996a1f31dd165bb9) Importer(815301076,1909f56bfc062723c751e8b465ee728b)
Start importing Assets/PolygonBattleRoyale/Materials/FX/PolygonBattleRoyale_FX_Generic.mat using Guid(fa9e67520e3a0c04996a1f31dd165bb9) Importer(815301076,1909f56bfc062723c751e8b465ee728b)  -> (artifact id: 'fff5f8e9ef45b3a6135698d373a659f8') in 0.027252 seconds 
========================================================================
Received Import Request.
  Time since last request: 113.862587 seconds.
  path: Assets/PolygonBattleRoyale/Models/SM_Env_Beach_Staight_01.fbx
  artifactKey: Guid(5d621615d28289740b6faf8741dd275c) Importer(815301076,1909f56bfc062723c751e8b465ee728b)
Start importing Assets/PolygonBattleRoyale/Models/SM_Env_Beach_Staight_01.fbx using Guid(5d621615d28289740b6faf8741dd275c) Importer(815301076,1909f56bfc062723c751e8b465ee728b)  -> (artifact id: 'a12df96f7f2650c9bda45399a77191bd') in 0.115423 seconds 
========================================================================
Received Import Request.
  Time since last request: 0.000029 seconds.
  path: Assets/PolygonBattleRoyale/Models/SM_Env_DirtRoad_End_01.fbx
  artifactKey: Guid(20c1daff182f6a046a31cda86113a34d) Importer(815301076,1909f56bfc062723c751e8b465ee728b)
Start importing Assets/PolygonBattleRoyale/Models/SM_Env_DirtRoad_End_01.fbx using Guid(20c1daff182f6a046a31cda86113a34d) Importer(815301076,1909f56bfc062723c751e8b465ee728b)  -> (artifact id: '61bffa1cc7ea68c8b33ec78a670cdea2') in 0.028184 seconds 
========================================================================
Received Import Request.
  Time since last request: 0.000027 seconds.
  path: Assets/PolygonBattleRoyale/Models/SM_Env_Concrete_Base_01.fbx
  artifactKey: Guid(9cf516fcfe75b57419dd3d2cc6ca4b16) Importer(815301076,1909f56bfc062723c751e8b465ee728b)
Start importing Assets/PolygonBattleRoyale/Models/SM_Env_Concrete_Base_01.fbx using Guid(9cf516fcfe75b57419dd3d2cc6ca4b16) Importer(815301076,1909f56bfc062723c751e8b465ee728b)  -> (artifact id: 'a1edd11d4e9ecf5d2d19ea6f60d0c2e7') in 0.029179 seconds 
========================================================================
Received Import Request.
  Time since last request: 0.000020 seconds.
  path: Assets/PolygonBattleRoyale/Models/SM_Env_Bridge_01.fbx
  artifactKey: Guid(cfe04afaedf707442a06c4bd60e63d59) Importer(815301076,1909f56bfc062723c751e8b465ee728b)
Start importing Assets/PolygonBattleRoyale/Models/SM_Env_Bridge_01.fbx using Guid(cfe04afaedf707442a06c4bd60e63d59) Importer(815301076,1909f56bfc062723c751e8b465ee728b)  -> (artifact id: '75bdbbfea13355e6e4647372b95417fa') in 0.060900 seconds 
========================================================================
Received Import Request.
  Time since last request: 0.000019 seconds.
  path: Assets/PolygonBattleRoyale/Models/SM_Env_Road_Corner_01.fbx
  artifactKey: Guid(0db4d3d252bba3740bfb1b1e7e7827ad) Importer(815301076,1909f56bfc062723c751e8b465ee728b)
Start importing Assets/PolygonBattleRoyale/Models/SM_Env_Road_Corner_01.fbx using Guid(0db4d3d252bba3740bfb1b1e7e7827ad) Importer(815301076,1909f56bfc062723c751e8b465ee728b)  -> (artifact id: 'b36063671d44e7c4cb2c355c338d4e74') in 0.101066 seconds 
========================================================================
Received Import Request.
  Time since last request: 0.000175 seconds.
  path: Assets/PolygonBattleRoyale/Models/SM_Env_Bridge_02.fbx
  artifactKey: Guid(26c89bdcc7f97d548abd992f623c96a7) Importer(815301076,1909f56bfc062723c751e8b465ee728b)
Start importing Assets/PolygonBattleRoyale/Models/SM_Env_Bridge_02.fbx using Guid(26c89bdcc7f97d548abd992f623c96a7) Importer(815301076,1909f56bfc062723c751e8b465ee728b)  -> (artifact id: '844f6d4773096c71ae1d8dac4ec8bc20') in 0.026043 seconds 
========================================================================
Received Import Request.
  Time since last request: 0.000024 seconds.
  path: Assets/PolygonBattleRoyale/Models/SM_Env_Road_Corner_02.fbx
  artifactKey: Guid(4744466dc3d458a459426a190cf9fb81) Importer(815301076,1909f56bfc062723c751e8b465ee728b)
Start importing Assets/PolygonBattleRoyale/Models/SM_Env_Road_Corner_02.fbx using Guid(4744466dc3d458a459426a190cf9fb81) Importer(815301076,1909f56bfc062723c751e8b465ee728b)  -> (artifact id: 'ecf791dd512dfa579a99c9846947251b') in 0.049655 seconds 
========================================================================
Received Import Request.
  Time since last request: 0.000018 seconds.
  path: Assets/PolygonBattleRoyale/Models/SM_Env_DirtRoad_Straight_01.fbx
  artifactKey: Guid(7385ddfc375da8d4183aef6a4b052c4f) Importer(815301076,1909f56bfc062723c751e8b465ee728b)
Start importing Assets/PolygonBattleRoyale/Models/SM_Env_DirtRoad_Straight_01.fbx using Guid(7385ddfc375da8d4183aef6a4b052c4f) Importer(815301076,1909f56bfc062723c751e8b465ee728b)  -> (artifact id: 'ce7b336c49da5a1b58a03d3af3cf1727') in 0.024140 seconds 
========================================================================
Received Import Request.
  Time since last request: 5.583227 seconds.
  path: Assets/PolygonBattleRoyale/Models/SM_Env_DirtRoad_End_01_Convex.asset
  artifactKey: Guid(e90f0219a54400c4fbb2ca32327ebaf4) Importer(815301076,1909f56bfc062723c751e8b465ee728b)
Start importing Assets/PolygonBattleRoyale/Models/SM_Env_DirtRoad_End_01_Convex.asset using Guid(e90f0219a54400c4fbb2ca32327ebaf4) Importer(815301076,1909f56bfc062723c751e8b465ee728b)  -> (artifact id: 'bd87674d6956a8b015a395d06bbb31c3') in 0.064739 seconds 
========================================================================
Received Import Request.
  Time since last request: 0.000019 seconds.
  path: Assets/PolygonBattleRoyale/Models/SM_Env_Bush_02_Convex.asset
  artifactKey: Guid(68280948fb13c7e4a9741cb60b71cc10) Importer(815301076,1909f56bfc062723c751e8b465ee728b)
Start importing Assets/PolygonBattleRoyale/Models/SM_Env_Bush_02_Convex.asset using Guid(68280948fb13c7e4a9741cb60b71cc10) Importer(815301076,1909f56bfc062723c751e8b465ee728b)  -> (artifact id: '21eda108602664d74365c4b937b0d5e7') in 0.038463 seconds 
========================================================================
Received Import Request.
  Time since last request: 0.000028 seconds.
  path: Assets/PolygonBattleRoyale/Models/SM_Env_Bridge_Broken_01_Convex.asset
  artifactKey: Guid(4d9f06b9d57ba5b47ae1d79616a2f6c8) Importer(815301076,1909f56bfc062723c751e8b465ee728b)
Start importing Assets/PolygonBattleRoyale/Models/SM_Env_Bridge_Broken_01_Convex.asset using Guid(4d9f06b9d57ba5b47ae1d79616a2f6c8) Importer(815301076,1909f56bfc062723c751e8b465ee728b)  -> (artifact id: '5e4720b88839ef57b9f7af5b2851aa35') in 0.024806 seconds 
========================================================================
Received Import Request.
  Time since last request: 0.335243 seconds.
  path: Assets/PolygonBattleRoyale/Models/SM_Env_Bridge_Broken_01_Convex 1.asset
  artifactKey: Guid(5105a1c774acf8445b42db4ff68ea292) Importer(815301076,1909f56bfc062723c751e8b465ee728b)
Start importing Assets/PolygonBattleRoyale/Models/SM_Env_Bridge_Broken_01_Convex 1.asset using Guid(5105a1c774acf8445b42db4ff68ea292) Importer(815301076,1909f56bfc062723c751e8b465ee728b)  -> (artifact id: 'fbf9bd4518021aa1bae542a4e8906892') in 0.052479 seconds 
========================================================================
Received Import Request.
  Time since last request: 0.009252 seconds.
  path: Assets/PolygonBattleRoyale/Models/SM_Env_Beach_Staight_02_Convex.asset
  artifactKey: Guid(52aa5bd740899844ab077edb3757d517) Importer(815301076,1909f56bfc062723c751e8b465ee728b)
Start importing Assets/PolygonBattleRoyale/Models/SM_Env_Beach_Staight_02_Convex.asset using Guid(52aa5bd740899844ab077edb3757d517) Importer(815301076,1909f56bfc062723c751e8b465ee728b)  -> (artifact id: '6e38828eddc8258f60404b7457e32aef') in 0.023973 seconds 
========================================================================
Received Import Request.
  Time since last request: 0.000018 seconds.
  path: Assets/PolygonBattleRoyale/Models/SM_Env_Bridge_01_Convex 2.asset
  artifactKey: Guid(0c49c9b56735c9d4e8f8b8fe37200be8) Importer(815301076,1909f56bfc062723c751e8b465ee728b)
Start importing Assets/PolygonBattleRoyale/Models/SM_Env_Bridge_01_Convex 2.asset using Guid(0c49c9b56735c9d4e8f8b8fe37200be8) Importer(815301076,1909f56bfc062723c751e8b465ee728b)  -> (artifact id: '2f6923e5e06f71a0edf3c855516570ed') in 0.045806 seconds 
========================================================================
Received Import Request.
  Time since last request: 0.249712 seconds.
  path: Assets/PolygonBattleRoyale/Models/SM_Chr_Patch_Star_02.fbx
  artifactKey: Guid(f2b40a88b2ac4474b9cc562974e78db6) Importer(815301076,1909f56bfc062723c751e8b465ee728b)
Start importing Assets/PolygonBattleRoyale/Models/SM_Chr_Patch_Star_02.fbx using Guid(f2b40a88b2ac4474b9cc562974e78db6) Importer(815301076,1909f56bfc062723c751e8b465ee728b)  -> (artifact id: '4cd63eda21d41b41abed60271b0ffdae') in 0.029260 seconds 
========================================================================
Received Import Request.
  Time since last request: 0.647359 seconds.
  path: Assets/PolygonBattleRoyale/Models/SM_Chr_Patch_Rank_03.fbx
  artifactKey: Guid(46d6cabb5d4f5f94ea3fee38873b8d84) Importer(815301076,1909f56bfc062723c751e8b465ee728b)
Start importing Assets/PolygonBattleRoyale/Models/SM_Chr_Patch_Rank_03.fbx using Guid(46d6cabb5d4f5f94ea3fee38873b8d84) Importer(815301076,1909f56bfc062723c751e8b465ee728b)  -> (artifact id: '541b8116b22b98eebac7bf991fc508af') in 0.033030 seconds 
========================================================================
Received Import Request.
  Time since last request: 0.000019 seconds.
  path: Assets/PolygonBattleRoyale/Models/SM_Chr_Patch_Rank_01.fbx
  artifactKey: Guid(d976bf13649db974fae58e13c6b54ee9) Importer(815301076,1909f56bfc062723c751e8b465ee728b)
Start importing Assets/PolygonBattleRoyale/Models/SM_Chr_Patch_Rank_01.fbx using Guid(d976bf13649db974fae58e13c6b54ee9) Importer(815301076,1909f56bfc062723c751e8b465ee728b)  -> (artifact id: '005872b7575d0596ecf3748b5d267cb7') in 0.028861 seconds 
========================================================================
Received Import Request.
  Time since last request: 0.014512 seconds.
  path: Assets/PolygonBattleRoyale/Models/SM_Chr_Patch_Leaf_01_Convex.asset
  artifactKey: Guid(a5bdd9ca98d9b5b49b050d7b55a845d5) Importer(815301076,1909f56bfc062723c751e8b465ee728b)
Start importing Assets/PolygonBattleRoyale/Models/SM_Chr_Patch_Leaf_01_Convex.asset using Guid(a5bdd9ca98d9b5b49b050d7b55a845d5) Importer(815301076,1909f56bfc062723c751e8b465ee728b)  -> (artifact id: '8152b7a8e9ee478164a4127bd3c306a9') in 0.022205 seconds 
========================================================================
Received Import Request.
  Time since last request: 0.000017 seconds.
  path: Assets/PolygonBattleRoyale/Models/SM_Chr_Patch_Medic_01_Convex.asset
  artifactKey: Guid(0c84a30c50dd6184da26ccce04d31422) Importer(815301076,1909f56bfc062723c751e8b465ee728b)
Start importing Assets/PolygonBattleRoyale/Models/SM_Chr_Patch_Medic_01_Convex.asset using Guid(0c84a30c50dd6184da26ccce04d31422) Importer(815301076,1909f56bfc062723c751e8b465ee728b)  -> (artifact id: '59687fa3e54aafff37b32d3ce7928f62') in 0.020975 seconds 
========================================================================
Received Import Request.
  Time since last request: 0.002712 seconds.
  path: Assets/PolygonBattleRoyale/Models/SM_Chr_Attach_Scarf_01_Convex.asset
  artifactKey: Guid(64a8d541b0fe57e4f829badf72b4483a) Importer(815301076,1909f56bfc062723c751e8b465ee728b)
Start importing Assets/PolygonBattleRoyale/Models/SM_Chr_Attach_Scarf_01_Convex.asset using Guid(64a8d541b0fe57e4f829badf72b4483a) Importer(815301076,1909f56bfc062723c751e8b465ee728b)  -> (artifact id: 'ea869582ecb6d00a8c023b95e9bd108b') in 0.020934 seconds 
========================================================================
Received Import Request.
  Time since last request: 0.000017 seconds.
  path: Assets/PolygonBattleRoyale/Models/SM_Chr_Attach_Scarf_02.fbx
  artifactKey: Guid(4b3ab7a5c71cb33449fd4602a177fb73) Importer(815301076,1909f56bfc062723c751e8b465ee728b)
Start importing Assets/PolygonBattleRoyale/Models/SM_Chr_Attach_Scarf_02.fbx using Guid(4b3ab7a5c71cb33449fd4602a177fb73) Importer(815301076,1909f56bfc062723c751e8b465ee728b)  -> (artifact id: 'abbeded11f1921d503713c9ec1e477a1') in 0.035784 seconds 
========================================================================
Received Import Request.
  Time since last request: 0.000019 seconds.
  path: Assets/PolygonBattleRoyale/Models/SM_Chr_Patch_Leaf_01.fbx
  artifactKey: Guid(a4368afc94fb3a048b5b95c820ed6c8a) Importer(815301076,1909f56bfc062723c751e8b465ee728b)
Start importing Assets/PolygonBattleRoyale/Models/SM_Chr_Patch_Leaf_01.fbx using Guid(a4368afc94fb3a048b5b95c820ed6c8a) Importer(815301076,1909f56bfc062723c751e8b465ee728b)  -> (artifact id: '5023925d7cc0a35dba2c850f45a3f1a6') in 0.029322 seconds 
========================================================================
Received Import Request.
  Time since last request: 0.274815 seconds.
  path: Assets/PolygonBattleRoyale/Models/SM_Chr_Attach_Pouch_07.fbx
  artifactKey: Guid(e0e89e81ac7dbb94a94521447908041d) Importer(815301076,1909f56bfc062723c751e8b465ee728b)
Start importing Assets/PolygonBattleRoyale/Models/SM_Chr_Attach_Pouch_07.fbx using Guid(e0e89e81ac7dbb94a94521447908041d) Importer(815301076,1909f56bfc062723c751e8b465ee728b)  -> (artifact id: '361845a3c6e6595b5eee980e2a13e4fe') in 0.035625 seconds 
========================================================================
Received Import Request.
  Time since last request: 0.085938 seconds.
  path: Assets/PolygonBattleRoyale/Models/SM_Chr_Attach_Pouch_05.fbx
  artifactKey: Guid(a561e650231d22f45aa6c0f53d595330) Importer(815301076,1909f56bfc062723c751e8b465ee728b)
Start importing Assets/PolygonBattleRoyale/Models/SM_Chr_Attach_Pouch_05.fbx using Guid(a561e650231d22f45aa6c0f53d595330) Importer(815301076,1909f56bfc062723c751e8b465ee728b)  -> (artifact id: '330316678d3db8f396aef2da4ff306ef') in 0.032655 seconds 
========================================================================
Received Import Request.
  Time since last request: 0.000016 seconds.
  path: Assets/PolygonBattleRoyale/Models/SM_Chr_Attach_Pouch_03.fbx
  artifactKey: Guid(bf662ddb51a2bed4d94e05bf3081228e) Importer(815301076,1909f56bfc062723c751e8b465ee728b)
Start importing Assets/PolygonBattleRoyale/Models/SM_Chr_Attach_Pouch_03.fbx using Guid(bf662ddb51a2bed4d94e05bf3081228e) Importer(815301076,1909f56bfc062723c751e8b465ee728b)  -> (artifact id: '8a406e9a3f7a12292241e6986ea4dd2a') in 0.035421 seconds 
========================================================================
Received Import Request.
  Time since last request: 0.020269 seconds.
  path: Assets/PolygonBattleRoyale/Models/SM_Chr_Attach_Male_Hair_06.fbx
  artifactKey: Guid(a45581dac9142b4409d44ceb6560fa63) Importer(815301076,1909f56bfc062723c751e8b465ee728b)
Start importing Assets/PolygonBattleRoyale/Models/SM_Chr_Attach_Male_Hair_06.fbx using Guid(a45581dac9142b4409d44ceb6560fa63) Importer(815301076,1909f56bfc062723c751e8b465ee728b)  -> (artifact id: '8ff168dfbaa24c1874cb31bcaa3611be') in 0.031537 seconds 
========================================================================
Received Import Request.
  Time since last request: 0.000017 seconds.
  path: Assets/PolygonBattleRoyale/Models/SM_Chr_Attach_Male_Hair_07.fbx
  artifactKey: Guid(f72a01a9316259f44b297e4febf273a0) Importer(815301076,1909f56bfc062723c751e8b465ee728b)
Start importing Assets/PolygonBattleRoyale/Models/SM_Chr_Attach_Male_Hair_07.fbx using Guid(f72a01a9316259f44b297e4febf273a0) Importer(815301076,1909f56bfc062723c751e8b465ee728b)  -> (artifact id: '2658cc86c9d1cf127559f70224df0155') in 0.034971 seconds 
========================================================================
Received Import Request.
  Time since last request: 0.259745 seconds.
  path: Assets/PolygonBattleRoyale/Models/SM_Chr_Attach_Male_Hair_04.fbx
  artifactKey: Guid(59ec8bfc713213447bbf469d6c88c610) Importer(815301076,1909f56bfc062723c751e8b465ee728b)
Start importing Assets/PolygonBattleRoyale/Models/SM_Chr_Attach_Male_Hair_04.fbx using Guid(59ec8bfc713213447bbf469d6c88c610) Importer(815301076,1909f56bfc062723c751e8b465ee728b)  -> (artifact id: '099b3291e9e663c1ee80b35e09a5c6e5') in 0.054887 seconds 
========================================================================
Received Import Request.
  Time since last request: 0.000021 seconds.
  path: Assets/PolygonBattleRoyale/Models/SM_Chr_Attach_Male_Hair_02_Convex.asset
  artifactKey: Guid(aaf7fbf64a9d20847be800605f584503) Importer(815301076,1909f56bfc062723c751e8b465ee728b)
Start importing Assets/PolygonBattleRoyale/Models/SM_Chr_Attach_Male_Hair_02_Convex.asset using Guid(aaf7fbf64a9d20847be800605f584503) Importer(815301076,1909f56bfc062723c751e8b465ee728b)  -> (artifact id: '49df443c6db370dcc33f4c79d08cf90b') in 0.024465 seconds 
========================================================================
Received Import Request.
  Time since last request: 0.000061 seconds.
  path: Assets/PolygonBattleRoyale/Models/SM_Chr_Attach_Male_Hair_01.fbx
  artifactKey: Guid(2728dc2ef47c15046a790f0beb621bf4) Importer(815301076,1909f56bfc062723c751e8b465ee728b)
Start importing Assets/PolygonBattleRoyale/Models/SM_Chr_Attach_Male_Hair_01.fbx using Guid(2728dc2ef47c15046a790f0beb621bf4) Importer(815301076,1909f56bfc062723c751e8b465ee728b)  -> (artifact id: 'f9d27eaefa7baecf1a013d7d9b958c68') in 0.035015 seconds 
========================================================================
Received Import Request.
  Time since last request: 0.572662 seconds.
  path: Assets/PolygonBattleRoyale/Models/SM_Chr_Attach_Hat_Turban_01.fbx
  artifactKey: Guid(a7aae20fea6d5d74e9a98666320f6d30) Importer(815301076,1909f56bfc062723c751e8b465ee728b)
Start importing Assets/PolygonBattleRoyale/Models/SM_Chr_Attach_Hat_Turban_01.fbx using Guid(a7aae20fea6d5d74e9a98666320f6d30) Importer(815301076,1909f56bfc062723c751e8b465ee728b)  -> (artifact id: '3a48de091f611a304b2a3494c7d9db1e') in 0.032440 seconds 
========================================================================
Received Import Request.
  Time since last request: 0.000016 seconds.
  path: Assets/PolygonBattleRoyale/Models/SM_Chr_Attach_Hat_Squid_01.fbx
  artifactKey: Guid(9c653cb21a833f44ead8d0a6285abe4c) Importer(815301076,1909f56bfc062723c751e8b465ee728b)
Start importing Assets/PolygonBattleRoyale/Models/SM_Chr_Attach_Hat_Squid_01.fbx using Guid(9c653cb21a833f44ead8d0a6285abe4c) Importer(815301076,1909f56bfc062723c751e8b465ee728b)  -> (artifact id: '2520324f812f431eb4302da176422169') in 0.054189 seconds 
========================================================================
Received Import Request.
  Time since last request: 0.000016 seconds.
  path: Assets/PolygonBattleRoyale/Models/SM_Chr_Attach_Hat_Shark_01.fbx
  artifactKey: Guid(72c3065ddef31f346b01516f7490d6ea) Importer(815301076,1909f56bfc062723c751e8b465ee728b)
Start importing Assets/PolygonBattleRoyale/Models/SM_Chr_Attach_Hat_Shark_01.fbx using Guid(72c3065ddef31f346b01516f7490d6ea) Importer(815301076,1909f56bfc062723c751e8b465ee728b)  -> (artifact id: '6f030fd31980340717163da63e31edcf') in 0.042745 seconds 
========================================================================
Received Import Request.
  Time since last request: 0.000033 seconds.
  path: Assets/PolygonBattleRoyale/Models/SM_Chr_Attach_Hat_Samurai_01.fbx
  artifactKey: Guid(9e3c6ae111488d841946fbb5cd6ff2bf) Importer(815301076,1909f56bfc062723c751e8b465ee728b)
Start importing Assets/PolygonBattleRoyale/Models/SM_Chr_Attach_Hat_Samurai_01.fbx using Guid(9e3c6ae111488d841946fbb5cd6ff2bf) Importer(815301076,1909f56bfc062723c751e8b465ee728b)  -> (artifact id: '8196442e8fa5121e7dbbc56ce70eadf0') in 0.032978 seconds 
========================================================================
Received Import Request.
  Time since last request: 0.000015 seconds.
  path: Assets/PolygonBattleRoyale/Models/SM_Chr_Attach_Hat_Roadcone_01_Convex.asset
  artifactKey: Guid(a7c3c5baa2fc85c4fabd956f2360f821) Importer(815301076,1909f56bfc062723c751e8b465ee728b)
Start importing Assets/PolygonBattleRoyale/Models/SM_Chr_Attach_Hat_Roadcone_01_Convex.asset using Guid(a7c3c5baa2fc85c4fabd956f2360f821) Importer(815301076,1909f56bfc062723c751e8b465ee728b)  -> (artifact id: '20397d0a71d1fb4dcfafbf4165898ff3') in 0.018932 seconds 
========================================================================
Received Import Request.
  Time since last request: 0.242122 seconds.
  path: Assets/PolygonBattleRoyale/Models/SM_Chr_Attach_Hat_Pot_01.fbx
  artifactKey: Guid(069663e548609ba44b8cdc865d992edc) Importer(815301076,1909f56bfc062723c751e8b465ee728b)
Start importing Assets/PolygonBattleRoyale/Models/SM_Chr_Attach_Hat_Pot_01.fbx using Guid(069663e548609ba44b8cdc865d992edc) Importer(815301076,1909f56bfc062723c751e8b465ee728b)  -> (artifact id: '371e735e9ada2e79f650ac318af078b9') in 0.034127 seconds 
========================================================================
Received Import Request.
  Time since last request: 0.000017 seconds.
  path: Assets/PolygonBattleRoyale/Models/SM_Chr_Attach_Hat_Racoon_01.fbx
  artifactKey: Guid(4d27f21e52f1e4740a34d897021853ac) Importer(815301076,1909f56bfc062723c751e8b465ee728b)
Start importing Assets/PolygonBattleRoyale/Models/SM_Chr_Attach_Hat_Racoon_01.fbx using Guid(4d27f21e52f1e4740a34d897021853ac) Importer(815301076,1909f56bfc062723c751e8b465ee728b)  -> (artifact id: 'e9bc6667ddc7799ffd2a15f2efaa4463') in 0.033406 seconds 
========================================================================
Received Import Request.
  Time since last request: 0.041940 seconds.
  path: Assets/PolygonBattleRoyale/Models/SM_Chr_Attach_Hat_IceCream_01.fbx
  artifactKey: Guid(3bc97bda0e16bee4992b75cb0b2a1637) Importer(815301076,1909f56bfc062723c751e8b465ee728b)
Start importing Assets/PolygonBattleRoyale/Models/SM_Chr_Attach_Hat_IceCream_01.fbx using Guid(3bc97bda0e16bee4992b75cb0b2a1637) Importer(815301076,1909f56bfc062723c751e8b465ee728b)  -> (artifact id: '8de9cc9a541cb9a4c5bde6241cb155bc') in 0.030125 seconds 
========================================================================
Received Import Request.
  Time since last request: 0.000017 seconds.
  path: Assets/PolygonBattleRoyale/Models/SM_Chr_Attach_Hat_Knight_01.fbx
  artifactKey: Guid(fe2097a8ccd47e9438f81fbd04329506) Importer(815301076,1909f56bfc062723c751e8b465ee728b)
Start importing Assets/PolygonBattleRoyale/Models/SM_Chr_Attach_Hat_Knight_01.fbx using Guid(fe2097a8ccd47e9438f81fbd04329506) Importer(815301076,1909f56bfc062723c751e8b465ee728b)  -> (artifact id: '9f132a6d80916648c199effde3894ec6') in 0.033407 seconds 
========================================================================
Received Import Request.
  Time since last request: 0.153400 seconds.
  path: Assets/PolygonBattleRoyale/Models/SM_Chr_Attach_Hat_FlatTop_01.fbx
  artifactKey: Guid(4db587b31adf33a43b6f9b7cb4f6f00d) Importer(815301076,1909f56bfc062723c751e8b465ee728b)
Start importing Assets/PolygonBattleRoyale/Models/SM_Chr_Attach_Hat_FlatTop_01.fbx using Guid(4db587b31adf33a43b6f9b7cb4f6f00d) Importer(815301076,1909f56bfc062723c751e8b465ee728b)  -> (artifact id: '07793985a846081659d01ada0674628f') in 0.029921 seconds 
========================================================================
Received Import Request.
  Time since last request: 0.053046 seconds.
  path: Assets/PolygonBattleRoyale/Models/SM_Chr_Attach_Hat_Crown_01.fbx
  artifactKey: Guid(297777aaa5dd5f040a99e3be88c304c7) Importer(815301076,1909f56bfc062723c751e8b465ee728b)
Start importing Assets/PolygonBattleRoyale/Models/SM_Chr_Attach_Hat_Crown_01.fbx using Guid(297777aaa5dd5f040a99e3be88c304c7) Importer(815301076,1909f56bfc062723c751e8b465ee728b)  -> (artifact id: '37a3a2371eee135d009906a69ec23051') in 0.035813 seconds 
========================================================================
Received Import Request.
  Time since last request: 0.000017 seconds.
  path: Assets/PolygonBattleRoyale/Models/SM_Chr_Attach_Hat_Fez_01.fbx
  artifactKey: Guid(ec219c82a1045af4ba306f80339f64e4) Importer(815301076,1909f56bfc062723c751e8b465ee728b)
Start importing Assets/PolygonBattleRoyale/Models/SM_Chr_Attach_Hat_Fez_01.fbx using Guid(ec219c82a1045af4ba306f80339f64e4) Importer(815301076,1909f56bfc062723c751e8b465ee728b)  -> (artifact id: '0ca3ca5705c367a98065a7beb4ed5e52') in 0.030659 seconds 
========================================================================
Received Import Request.
  Time since last request: 0.602982 seconds.
  path: Assets/PolygonBattleRoyale/Models/SM_Chr_Attach_Hat_Captian_01.fbx
  artifactKey: Guid(94c78e485402dc843a700e68d87737b8) Importer(815301076,1909f56bfc062723c751e8b465ee728b)
Start importing Assets/PolygonBattleRoyale/Models/SM_Chr_Attach_Hat_Captian_01.fbx using Guid(94c78e485402dc843a700e68d87737b8) Importer(815301076,1909f56bfc062723c751e8b465ee728b)  -> (artifact id: '6577ab60355b42df3ee0d765a4ba4868') in 0.031416 seconds 
========================================================================
Received Import Request.
  Time since last request: 0.000016 seconds.
  path: Assets/PolygonBattleRoyale/Models/SM_Chr_Attach_Hat_Bunny_01_Convex.asset
  artifactKey: Guid(c12abb0ab9f82f44a8fd008cff37d215) Importer(815301076,1909f56bfc062723c751e8b465ee728b)
Start importing Assets/PolygonBattleRoyale/Models/SM_Chr_Attach_Hat_Bunny_01_Convex.asset using Guid(c12abb0ab9f82f44a8fd008cff37d215) Importer(815301076,1909f56bfc062723c751e8b465ee728b)  -> (artifact id: 'd7c91a670430c68bdf5af4a6d1b260b0') in 0.023487 seconds 
========================================================================
Received Import Request.
  Time since last request: 0.000016 seconds.
  path: Assets/PolygonBattleRoyale/Models/SM_Chr_Attach_Hat_Bunny_01.fbx
  artifactKey: Guid(d3176bc2153ccb24b8585744a6267574) Importer(815301076,1909f56bfc062723c751e8b465ee728b)
Start importing Assets/PolygonBattleRoyale/Models/SM_Chr_Attach_Hat_Bunny_01.fbx using Guid(d3176bc2153ccb24b8585744a6267574) Importer(815301076,1909f56bfc062723c751e8b465ee728b)  -> (artifact id: 'c93332241e58ce84d3edd1dd6d1a481f') in 0.031269 seconds 
========================================================================
Received Import Request.
  Time since last request: 0.000017 seconds.
  path: Assets/PolygonBattleRoyale/Models/SM_Chr_Attach_Hat_Bandana_01_Convex.asset
  artifactKey: Guid(50b4711882a59d1498282336bc3b6fd9) Importer(815301076,1909f56bfc062723c751e8b465ee728b)
Start importing Assets/PolygonBattleRoyale/Models/SM_Chr_Attach_Hat_Bandana_01_Convex.asset using Guid(50b4711882a59d1498282336bc3b6fd9) Importer(815301076,1909f56bfc062723c751e8b465ee728b)  -> (artifact id: '01a5850c8926b4b14e37e5bac2decc41') in 0.020572 seconds 
========================================================================
Received Import Request.
  Time since last request: 0.000020 seconds.
  path: Assets/PolygonBattleRoyale/Models/SM_Chr_Attach_Glasses_01_Convex.asset
  artifactKey: Guid(cd58e9b1453553d4f8f516a30950574f) Importer(815301076,1909f56bfc062723c751e8b465ee728b)
Start importing Assets/PolygonBattleRoyale/Models/SM_Chr_Attach_Glasses_01_Convex.asset using Guid(cd58e9b1453553d4f8f516a30950574f) Importer(815301076,1909f56bfc062723c751e8b465ee728b)  -> (artifact id: '28b72d9bac92c97d6fe1f76aefb26059') in 0.019849 seconds 
========================================================================
Received Import Request.
  Time since last request: 0.000023 seconds.
  path: Assets/PolygonBattleRoyale/Models/SM_Chr_Attach_Hat_Beanie_01.fbx
  artifactKey: Guid(406dc60223847384fb357f568ed7c9d4) Importer(815301076,1909f56bfc062723c751e8b465ee728b)
Start importing Assets/PolygonBattleRoyale/Models/SM_Chr_Attach_Hat_Beanie_01.fbx using Guid(406dc60223847384fb357f568ed7c9d4) Importer(815301076,1909f56bfc062723c751e8b465ee728b)  -> (artifact id: 'a1d366ae2e9d72e3edf8aad9c7a56b5a') in 0.027643 seconds 
========================================================================
Received Import Request.
  Time since last request: 0.466793 seconds.
  path: Assets/PolygonBattleRoyale/Models/SM_Chr_Attach_Female_Hair_Pigtails_01.fbx
  artifactKey: Guid(c10770891c6b7614b89f637e2e0aacbe) Importer(815301076,1909f56bfc062723c751e8b465ee728b)
Start importing Assets/PolygonBattleRoyale/Models/SM_Chr_Attach_Female_Hair_Pigtails_01.fbx using Guid(c10770891c6b7614b89f637e2e0aacbe) Importer(815301076,1909f56bfc062723c751e8b465ee728b)  -> (artifact id: '4a0781fe2e182b2fa5cc3bdd20169ec7') in 0.036186 seconds 
========================================================================
Received Import Request.
  Time since last request: 0.000015 seconds.
  path: Assets/PolygonBattleRoyale/Models/SM_Chr_Attach_Female_Default_Hair_01_Convex.asset
  artifactKey: Guid(4fff1957d2902354fb8f3ef1ab6d8bd8) Importer(815301076,1909f56bfc062723c751e8b465ee728b)
Start importing Assets/PolygonBattleRoyale/Models/SM_Chr_Attach_Female_Default_Hair_01_Convex.asset using Guid(4fff1957d2902354fb8f3ef1ab6d8bd8) Importer(815301076,1909f56bfc062723c751e8b465ee728b)  -> (artifact id: '28537ce6a1642b7b06aedc65f87c5c46') in 0.024482 seconds 
========================================================================
Received Import Request.
  Time since last request: 0.000019 seconds.
  path: Assets/PolygonBattleRoyale/Models/SM_Chr_Attach_Female_Default_Hair_01.fbx
  artifactKey: Guid(3f7f8a30312aff2499b31478228dac7c) Importer(815301076,1909f56bfc062723c751e8b465ee728b)
Start importing Assets/PolygonBattleRoyale/Models/SM_Chr_Attach_Female_Default_Hair_01.fbx using Guid(3f7f8a30312aff2499b31478228dac7c) Importer(815301076,1909f56bfc062723c751e8b465ee728b)  -> (artifact id: '8cd00c778f2bf4c40169b175d1196485') in 0.032057 seconds 
========================================================================
Received Import Request.
  Time since last request: 0.000013 seconds.
  path: Assets/PolygonBattleRoyale/Models/SM_Chr_Attach_Female_01.fbx
  artifactKey: Guid(46317a2bb8c9f2040a7e3baab4720a6f) Importer(815301076,1909f56bfc062723c751e8b465ee728b)
Start importing Assets/PolygonBattleRoyale/Models/SM_Chr_Attach_Female_01.fbx using Guid(46317a2bb8c9f2040a7e3baab4720a6f) Importer(815301076,1909f56bfc062723c751e8b465ee728b)  -> (artifact id: 'd636dd7534c6057c333cf689f7104274') in 0.032465 seconds 
========================================================================
Received Import Request.
  Time since last request: 0.457924 seconds.
  path: Assets/PolygonBattleRoyale/Models/SM_Chr_Attach_Facemask_02.fbx
  artifactKey: Guid(34ebfc6862179cd4db7827a5c8d86e76) Importer(815301076,1909f56bfc062723c751e8b465ee728b)
Start importing Assets/PolygonBattleRoyale/Models/SM_Chr_Attach_Facemask_02.fbx using Guid(34ebfc6862179cd4db7827a5c8d86e76) Importer(815301076,1909f56bfc062723c751e8b465ee728b)  -> (artifact id: '2f97dd3167b548ff68a67f91879aa662') in 0.031072 seconds 
========================================================================
Received Import Request.
  Time since last request: 0.000015 seconds.
  path: Assets/PolygonBattleRoyale/Models/SM_Chr_Attach_Eyepatch_01_Convex.asset
  artifactKey: Guid(632b0a6e68c10d244a3d6c7a3e1b2270) Importer(815301076,1909f56bfc062723c751e8b465ee728b)
Start importing Assets/PolygonBattleRoyale/Models/SM_Chr_Attach_Eyepatch_01_Convex.asset using Guid(632b0a6e68c10d244a3d6c7a3e1b2270) Importer(815301076,1909f56bfc062723c751e8b465ee728b)  -> (artifact id: '1c3c790d069350bc02fe82a3a8c9ac6a') in 0.025102 seconds 
========================================================================
Received Import Request.
  Time since last request: 0.000016 seconds.
  path: Assets/PolygonBattleRoyale/Models/SM_Chr_Attach_Eyepatch_01.fbx
  artifactKey: Guid(1eb961c9ebf78cd45b27d556a5964cb3) Importer(815301076,1909f56bfc062723c751e8b465ee728b)
Start importing Assets/PolygonBattleRoyale/Models/SM_Chr_Attach_Eyepatch_01.fbx using Guid(1eb961c9ebf78cd45b27d556a5964cb3) Importer(815301076,1909f56bfc062723c751e8b465ee728b)  -> (artifact id: '4e73b2383a655a67faa4eedfc55973c8') in 0.056424 seconds 
========================================================================
Received Import Request.
  Time since last request: 0.000015 seconds.
  path: Assets/PolygonBattleRoyale/Models/SM_Chr_Attach_Bedroll_01.fbx
  artifactKey: Guid(8044def7f2b040949ad328f8ac65e8f2) Importer(815301076,1909f56bfc062723c751e8b465ee728b)
Start importing Assets/PolygonBattleRoyale/Models/SM_Chr_Attach_Bedroll_01.fbx using Guid(8044def7f2b040949ad328f8ac65e8f2) Importer(815301076,1909f56bfc062723c751e8b465ee728b)  -> (artifact id: '89583d0c8fe227e3ab9fced51d0eb3a0') in 0.053793 seconds 
========================================================================
Received Import Request.
  Time since last request: 0.000014 seconds.
  path: Assets/PolygonBattleRoyale/Models/SM_Chr_Attach_Earmuffs_01.fbx
  artifactKey: Guid(2fcf3878be85cb649a4e231cd64b01c2) Importer(815301076,1909f56bfc062723c751e8b465ee728b)
Start importing Assets/PolygonBattleRoyale/Models/SM_Chr_Attach_Earmuffs_01.fbx using Guid(2fcf3878be85cb649a4e231cd64b01c2) Importer(815301076,1909f56bfc062723c751e8b465ee728b)  -> (artifact id: '333a01282766a7ce449635c9107d49ef') in 0.049900 seconds 
========================================================================
Received Import Request.
  Time since last request: 0.201693 seconds.
  path: Assets/PolygonBattleRoyale/Models/SM_Chr_Attach_Beard_04.fbx
  artifactKey: Guid(843f9616e5b242045a733017160aff46) Importer(815301076,1909f56bfc062723c751e8b465ee728b)
Start importing Assets/PolygonBattleRoyale/Models/SM_Chr_Attach_Beard_04.fbx using Guid(843f9616e5b242045a733017160aff46) Importer(815301076,1909f56bfc062723c751e8b465ee728b)  -> (artifact id: '0c0e036123d6848d2269aab7cbf01ea3') in 0.032190 seconds 
========================================================================
Received Import Request.
  Time since last request: 0.000022 seconds.
  path: Assets/PolygonBattleRoyale/Models/SM_Chr_Attach_Beard_02_Convex.asset
  artifactKey: Guid(28599f724e53e164593e46262db149dc) Importer(815301076,1909f56bfc062723c751e8b465ee728b)
Start importing Assets/PolygonBattleRoyale/Models/SM_Chr_Attach_Beard_02_Convex.asset using Guid(28599f724e53e164593e46262db149dc) Importer(815301076,1909f56bfc062723c751e8b465ee728b)  -> (artifact id: 'e2a2767ab1e369a78955f5a1ed8519e6') in 0.020995 seconds 
========================================================================
Received Import Request.
  Time since last request: 0.000022 seconds.
  path: Assets/PolygonBattleRoyale/Models/SM_Chr_Attach_Beard_03.fbx
  artifactKey: Guid(c1ba765bc77a9ff4ca089845ab41bb9e) Importer(815301076,1909f56bfc062723c751e8b465ee728b)
Start importing Assets/PolygonBattleRoyale/Models/SM_Chr_Attach_Beard_03.fbx using Guid(c1ba765bc77a9ff4ca089845ab41bb9e) Importer(815301076,1909f56bfc062723c751e8b465ee728b)  -> (artifact id: '2e8ba99bece64b12284b58d2d243103b') in 0.028178 seconds 
========================================================================
Received Import Request.
  Time since last request: 0.035665 seconds.
  path: Assets/PolygonBattleRoyale/Models/SM_Char_Attach_Bag_Lvl3.fbx
  artifactKey: Guid(ffa1002ad511e7c478b01c4ef10df2a2) Importer(815301076,1909f56bfc062723c751e8b465ee728b)
Start importing Assets/PolygonBattleRoyale/Models/SM_Char_Attach_Bag_Lvl3.fbx using Guid(ffa1002ad511e7c478b01c4ef10df2a2) Importer(815301076,1909f56bfc062723c751e8b465ee728b)  -> (artifact id: 'ff8ee78b08364d53aa1547d6eb5f5dad') in 0.031211 seconds 
========================================================================
Received Import Request.
  Time since last request: 0.144698 seconds.
  path: Assets/PolygonBattleRoyale/Models/SM_Char_Attach_Bag_Lvl1_Convex.asset
  artifactKey: Guid(348ea1eda5292c4498e393eaf8d25ffc) Importer(815301076,1909f56bfc062723c751e8b465ee728b)
Start importing Assets/PolygonBattleRoyale/Models/SM_Char_Attach_Bag_Lvl1_Convex.asset using Guid(348ea1eda5292c4498e393eaf8d25ffc) Importer(815301076,1909f56bfc062723c751e8b465ee728b)  -> (artifact id: 'b2ceba8302c730b9cd44c0b4f9d15727') in 0.021419 seconds 
========================================================================
Received Import Request.
  Time since last request: 6.135285 seconds.
  path: Assets/PolygonBattleRoyale/Models/SM_Env_Rubble_Plank_01_Convex.asset
  artifactKey: Guid(2fb73f4fed3939c4794d9953912234c4) Importer(815301076,1909f56bfc062723c751e8b465ee728b)
Start importing Assets/PolygonBattleRoyale/Models/SM_Env_Rubble_Plank_01_Convex.asset using Guid(2fb73f4fed3939c4794d9953912234c4) Importer(815301076,1909f56bfc062723c751e8b465ee728b)  -> (artifact id: 'e4b72171882b77c5a16948ab2cb85f5c') in 0.037478 seconds 
========================================================================
Received Import Request.
  Time since last request: 0.000015 seconds.
  path: Assets/PolygonBattleRoyale/Models/SM_Generic_Tree_04_Convex 1.asset
  artifactKey: Guid(8de058551467e804186a42b6b783782c) Importer(815301076,1909f56bfc062723c751e8b465ee728b)
Start importing Assets/PolygonBattleRoyale/Models/SM_Generic_Tree_04_Convex 1.asset using Guid(8de058551467e804186a42b6b783782c) Importer(815301076,1909f56bfc062723c751e8b465ee728b)  -> (artifact id: '055c6ebb098c7a39212d50ccf0ae31f6') in 0.026706 seconds 
========================================================================
Received Import Request.
  Time since last request: 0.000020 seconds.
  path: Assets/PolygonBattleRoyale/Models/SM_Prop_BaseWall_Broken_02_Convex.asset
  artifactKey: Guid(a14a70d02615b0945beb42210a8dd72e) Importer(815301076,1909f56bfc062723c751e8b465ee728b)
Start importing Assets/PolygonBattleRoyale/Models/SM_Prop_BaseWall_Broken_02_Convex.asset using Guid(a14a70d02615b0945beb42210a8dd72e) Importer(815301076,1909f56bfc062723c751e8b465ee728b)  -> (artifact id: 'c25053c421e6a280b0cf4a6e412447bb') in 0.031871 seconds 
========================================================================
Received Import Request.
  Time since last request: 0.000017 seconds.
  path: Assets/PolygonBattleRoyale/Models/SM_Generic_Tree_04_Convex.asset
  artifactKey: Guid(06594efb16224434d8f27ae2be7927c6) Importer(815301076,1909f56bfc062723c751e8b465ee728b)
Start importing Assets/PolygonBattleRoyale/Models/SM_Generic_Tree_04_Convex.asset using Guid(06594efb16224434d8f27ae2be7927c6) Importer(815301076,1909f56bfc062723c751e8b465ee728b)  -> (artifact id: '1ac6612a532c28812ec9f6ac49ae5533') in 0.023706 seconds 
========================================================================
Received Import Request.
  Time since last request: 0.000023 seconds.
  path: Assets/PolygonBattleRoyale/Models/SM_Prop_Crate_Large_01_Convex.asset
  artifactKey: Guid(ee6040e5abefb6f4183061f5d826c043) Importer(815301076,1909f56bfc062723c751e8b465ee728b)
Start importing Assets/PolygonBattleRoyale/Models/SM_Prop_Crate_Large_01_Convex.asset using Guid(ee6040e5abefb6f4183061f5d826c043) Importer(815301076,1909f56bfc062723c751e8b465ee728b)  -> (artifact id: '9ba0f3d3b19d0792eed19c22cc038c90') in 0.031990 seconds 
========================================================================
Received Import Request.
  Time since last request: 0.000025 seconds.
  path: Assets/PolygonBattleRoyale/Models/SM_Prop_HeadBase_Black_Convex.asset
  artifactKey: Guid(59a2f9d5de02af34ea8e845eba64cab6) Importer(815301076,1909f56bfc062723c751e8b465ee728b)
Start importing Assets/PolygonBattleRoyale/Models/SM_Prop_HeadBase_Black_Convex.asset using Guid(59a2f9d5de02af34ea8e845eba64cab6) Importer(815301076,1909f56bfc062723c751e8b465ee728b)  -> (artifact id: '50d4660161cad0aaa066c99dd3f698ba') in 0.039221 seconds 
========================================================================
Received Import Request.
  Time since last request: 0.000020 seconds.
  path: Assets/PolygonBattleRoyale/Models/SM_Prop_Iron_Sheet_01_Convex.asset
  artifactKey: Guid(41e54926f1a411342b20b8cfc7f86894) Importer(815301076,1909f56bfc062723c751e8b465ee728b)
Start importing Assets/PolygonBattleRoyale/Models/SM_Prop_Iron_Sheet_01_Convex.asset using Guid(41e54926f1a411342b20b8cfc7f86894) Importer(815301076,1909f56bfc062723c751e8b465ee728b)  -> (artifact id: '5eb5be051d58e13178d2b47aaa1661c4') in 0.022682 seconds 
========================================================================
Received Prepare
Registering precompiled user dll's ...
Registered in 0.005325 seconds.
Begin MonoManager ReloadAssembly
Symbol file LoadedFromMemory doesn't match image F:\AIAclassdata\Unity\Unity Project\Multi_Mini\Library\PackageCache\com.unity.visualscripting@1.8.0\Editor\VisualScripting.Core\Dependencies\YamlDotNet\Unity.VisualScripting.YamlDotNet.dll
Symbol file LoadedFromMemory doesn't match image F:\AIAclassdata\Unity\Unity Project\Multi_Mini\Library\PackageCache\com.unity.visualscripting@1.8.0\Editor\VisualScripting.Core\Dependencies\DotNetZip\Unity.VisualScripting.IonicZip.dll
Native extension for WindowsStandalone target not found
Native extension for Android target not found
Native extension for WebGL target not found
Refreshing native plugins compatible for Editor in 1.31 ms, found 3 plugins.
Preloading 0 native plugins for Editor in 0.00 ms.
Mono: successfully reloaded assembly
- Completed reload, in  1.573 seconds
Domain Reload Profiling:
	ReloadAssembly (1574ms)
		BeginReloadAssembly (350ms)
			ExecutionOrderSort (0ms)
			DisableScriptedObjects (5ms)
			BackupInstance (0ms)
			ReleaseScriptingObjects (0ms)
			CreateAndSetChildDomain (36ms)
		EndReloadAssembly (1095ms)
			LoadAssemblies (312ms)
			RebuildTransferFunctionScriptingTraits (0ms)
			SetupTypeCache (333ms)
			ReleaseScriptCaches (2ms)
			RebuildScriptCaches (50ms)
			SetupLoadedEditorAssemblies (532ms)
				LogAssemblyErrors (0ms)
				InitializePlatformSupportModulesInManaged (57ms)
				SetLoadedEditorAssemblies (1ms)
				RefreshPlugins (1ms)
				BeforeProcessingInitializeOnLoad (176ms)
				ProcessInitializeOnLoadAttributes (237ms)
				ProcessInitializeOnLoadMethodAttributes (25ms)
				AfterProcessingInitializeOnLoad (34ms)
				EditorAssembliesLoaded (0ms)
			ExecutionOrderSort2 (0ms)
			AwakeInstancesAfterBackupRestoration (8ms)
Platform modules already initialized, skipping
Refreshing native plugins compatible for Editor in 2.24 ms, found 3 plugins.
Preloading 0 native plugins for Editor in 0.00 ms.
Unloading 3298 Unused Serialized files (Serialized files now loaded: 0)
Unloading 22 unused Assets / (80.3 KB). Loaded Objects now: 3838.
Memory consumption went from 129.9 MB to 129.8 MB.
Total: 2.769800 ms (FindLiveObjects: 0.243500 ms CreateObjectMapping: 0.153800 ms MarkObjects: 2.290500 ms  DeleteObjects: 0.081300 ms)

AssetImportParameters requested are different than current active one (requested -> active):
  custom:video-decoder-ogg-theora: a1e56fd34408186e4bbccfd4996cb3dc -> 
  custom:container-muxer-webm: aa71ff27fc2769a1b78a27578f13a17b -> 
  custom:container-demuxer-webm: 4f35f7cbe854078d1ac9338744f61a02 -> 
  custom:video-encoder-webm-vp8: eb34c28f22e8b96e1ab97ce403110664 -> 
  custom:audio-encoder-webm-vorbis: bf7c407c2cedff20999df2af8eb42d56 -> 
  custom:framework-win-MediaFoundation: 216162199b28c13a410421893ffa2e32 -> 
  custom:container-demuxer-ogg: 62fdf1f143b41e24485cea50d1cbac27 -> 
  custom:video-decoder-webm-vp8: 9c59270c3fd7afecdb556c50c9e8de78 -> 
  custom:audio-decoder-ogg-vorbis: bf7c407c2cedff20999df2af8eb42d56 -> 
========================================================================
Received Prepare
Registering precompiled user dll's ...
Registered in 0.004961 seconds.
Begin MonoManager ReloadAssembly
Symbol file LoadedFromMemory doesn't match image F:\AIAclassdata\Unity\Unity Project\Multi_Mini\Library\PackageCache\com.unity.visualscripting@1.8.0\Editor\VisualScripting.Core\Dependencies\YamlDotNet\Unity.VisualScripting.YamlDotNet.dll
Symbol file LoadedFromMemory doesn't match image F:\AIAclassdata\Unity\Unity Project\Multi_Mini\Library\PackageCache\com.unity.visualscripting@1.8.0\Editor\VisualScripting.Core\Dependencies\DotNetZip\Unity.VisualScripting.IonicZip.dll
Native extension for WindowsStandalone target not found
Native extension for Android target not found
Native extension for WebGL target not found
Refreshing native plugins compatible for Editor in 0.70 ms, found 3 plugins.
Preloading 0 native plugins for Editor in 0.00 ms.
Mono: successfully reloaded assembly
- Completed reload, in  1.437 seconds
Domain Reload Profiling:
	ReloadAssembly (1437ms)
		BeginReloadAssembly (328ms)
			ExecutionOrderSort (0ms)
			DisableScriptedObjects (6ms)
			BackupInstance (0ms)
			ReleaseScriptingObjects (0ms)
			CreateAndSetChildDomain (31ms)
		EndReloadAssembly (971ms)
			LoadAssemblies (296ms)
			RebuildTransferFunctionScriptingTraits (0ms)
			SetupTypeCache (308ms)
			ReleaseScriptCaches (1ms)
			RebuildScriptCaches (49ms)
			SetupLoadedEditorAssemblies (457ms)
				LogAssemblyErrors (0ms)
				InitializePlatformSupportModulesInManaged (46ms)
				SetLoadedEditorAssemblies (1ms)
				RefreshPlugins (1ms)
				BeforeProcessingInitializeOnLoad (157ms)
				ProcessInitializeOnLoadAttributes (210ms)
				ProcessInitializeOnLoadMethodAttributes (24ms)
				AfterProcessingInitializeOnLoad (18ms)
				EditorAssembliesLoaded (0ms)
			ExecutionOrderSort2 (0ms)
			AwakeInstancesAfterBackupRestoration (6ms)
Platform modules already initialized, skipping
Refreshing native plugins compatible for Editor in 3.10 ms, found 3 plugins.
Preloading 0 native plugins for Editor in 0.00 ms.
Unloading 3298 Unused Serialized files (Serialized files now loaded: 0)
Unloading 22 unused Assets / (80.3 KB). Loaded Objects now: 3842.
Memory consumption went from 129.9 MB to 129.8 MB.
Total: 3.959000 ms (FindLiveObjects: 0.303900 ms CreateObjectMapping: 0.323500 ms MarkObjects: 3.227400 ms  DeleteObjects: 0.103100 ms)

AssetImportParameters requested are different than current active one (requested -> active):
  custom:video-decoder-ogg-theora: a1e56fd34408186e4bbccfd4996cb3dc -> 
  custom:container-muxer-webm: aa71ff27fc2769a1b78a27578f13a17b -> 
  custom:container-demuxer-webm: 4f35f7cbe854078d1ac9338744f61a02 -> 
  custom:video-encoder-webm-vp8: eb34c28f22e8b96e1ab97ce403110664 -> 
  custom:audio-encoder-webm-vorbis: bf7c407c2cedff20999df2af8eb42d56 -> 
  custom:framework-win-MediaFoundation: 216162199b28c13a410421893ffa2e32 -> 
  custom:container-demuxer-ogg: 62fdf1f143b41e24485cea50d1cbac27 -> 
  custom:video-decoder-webm-vp8: 9c59270c3fd7afecdb556c50c9e8de78 -> 
  custom:audio-decoder-ogg-vorbis: bf7c407c2cedff20999df2af8eb42d56 -> 
========================================================================
Received Import Request.
  Time since last request: 310.422016 seconds.
  path: Assets/PolygonBattleRoyale/Models/SM_Env_Road_Straight_02_Convex.asset
  artifactKey: Guid(602707231a02a5049b050f163a18be9b) Importer(815301076,1909f56bfc062723c751e8b465ee728b)
Start importing Assets/PolygonBattleRoyale/Models/SM_Env_Road_Straight_02_Convex.asset using Guid(602707231a02a5049b050f163a18be9b) Importer(815301076,1909f56bfc062723c751e8b465ee728b)  -> (artifact id: '39473f4a27c9ea24d7161a7600a93703') in 0.098693 seconds 
========================================================================
Received Import Request.
  Time since last request: 0.000022 seconds.
  path: Assets/PolygonBattleRoyale/Models/SM_Env_Road_Straight_03.fbx
  artifactKey: Guid(4aabb9e51cdaa424b9df2d25cceb672a) Importer(815301076,1909f56bfc062723c751e8b465ee728b)
Start importing Assets/PolygonBattleRoyale/Models/SM_Env_Road_Straight_03.fbx using Guid(4aabb9e51cdaa424b9df2d25cceb672a) Importer(815301076,1909f56bfc062723c751e8b465ee728b)  -> (artifact id: '6597ffa6ba750bc47f6be30949feed29') in 0.076516 seconds 
========================================================================
Received Import Request.
  Time since last request: 0.000029 seconds.
  path: Assets/PolygonBattleRoyale/Models/SM_Env_Road_Straight_End_01_Convex.asset
  artifactKey: Guid(10a8b7f6db022554bb5bb9dde95f063d) Importer(815301076,1909f56bfc062723c751e8b465ee728b)
Start importing Assets/PolygonBattleRoyale/Models/SM_Env_Road_Straight_End_01_Convex.asset using Guid(10a8b7f6db022554bb5bb9dde95f063d) Importer(815301076,1909f56bfc062723c751e8b465ee728b)  -> (artifact id: '04348ab01a67702b463b30a7c61f5b5e') in 0.021939 seconds 
========================================================================
Received Import Request.
  Time since last request: 0.000026 seconds.
  path: Assets/PolygonBattleRoyale/Models/SM_Env_Road_T_01_Convex.asset
  artifactKey: Guid(11f7d538172b1bc42914022157bc57cb) Importer(815301076,1909f56bfc062723c751e8b465ee728b)
Start importing Assets/PolygonBattleRoyale/Models/SM_Env_Road_T_01_Convex.asset using Guid(11f7d538172b1bc42914022157bc57cb) Importer(815301076,1909f56bfc062723c751e8b465ee728b)  -> (artifact id: '781cfe48b37958087e1a5c1b72d8d493') in 0.023817 seconds 
========================================================================
Received Import Request.
  Time since last request: 0.000015 seconds.
  path: Assets/PolygonBattleRoyale/Models/SM_Env_Road_Straight_End_01.fbx
  artifactKey: Guid(fe9ee33a330ddd843a7ef89d326db751) Importer(815301076,1909f56bfc062723c751e8b465ee728b)
Start importing Assets/PolygonBattleRoyale/Models/SM_Env_Road_Straight_End_01.fbx using Guid(fe9ee33a330ddd843a7ef89d326db751) Importer(815301076,1909f56bfc062723c751e8b465ee728b)  -> (artifact id: 'b704147520026245eb4cde048115b029') in 0.068495 seconds 
========================================================================
Received Import Request.
  Time since last request: 0.000018 seconds.
  path: Assets/PolygonBattleRoyale/Models/SM_Env_Road_Straight_Damaged_02_Convex.asset
  artifactKey: Guid(8172e2891212cc7439258358a70dbda6) Importer(815301076,1909f56bfc062723c751e8b465ee728b)
Start importing Assets/PolygonBattleRoyale/Models/SM_Env_Road_Straight_Damaged_02_Convex.asset using Guid(8172e2891212cc7439258358a70dbda6) Importer(815301076,1909f56bfc062723c751e8b465ee728b)  -> (artifact id: '5545e516305f467289074d7dc888e4dc') in 0.020503 seconds 
========================================================================
Received Import Request.
  Time since last request: 0.000020 seconds.
  path: Assets/PolygonBattleRoyale/Models/SM_Env_Rock_01_Convex.asset
  artifactKey: Guid(8ba7e4ebd94539d4cab3d9b0e810705b) Importer(815301076,1909f56bfc062723c751e8b465ee728b)
Start importing Assets/PolygonBattleRoyale/Models/SM_Env_Rock_01_Convex.asset using Guid(8ba7e4ebd94539d4cab3d9b0e810705b) Importer(815301076,1909f56bfc062723c751e8b465ee728b)  -> (artifact id: '1f65d0c084242ce36d3a21a94b550a98') in 0.019800 seconds 
========================================================================
Received Import Request.
  Time since last request: 0.000016 seconds.
  path: Assets/PolygonBattleRoyale/Models/SM_Env_Rock_02.fbx
  artifactKey: Guid(31ce66c3106c968438b796eac467ae7a) Importer(815301076,1909f56bfc062723c751e8b465ee728b)
Start importing Assets/PolygonBattleRoyale/Models/SM_Env_Rock_02.fbx using Guid(31ce66c3106c968438b796eac467ae7a) Importer(815301076,1909f56bfc062723c751e8b465ee728b)  -> (artifact id: '82cec598abaa55f19d1bb0b27ea2f560') in 0.025669 seconds 
========================================================================
Received Import Request.
  Time since last request: 0.000015 seconds.
  path: Assets/PolygonBattleRoyale/Models/SM_Env_Road_Straight_Damaged_03.fbx
  artifactKey: Guid(cb3172ec90db16b4fa289142291ec7e9) Importer(815301076,1909f56bfc062723c751e8b465ee728b)
Start importing Assets/PolygonBattleRoyale/Models/SM_Env_Road_Straight_Damaged_03.fbx using Guid(cb3172ec90db16b4fa289142291ec7e9) Importer(815301076,1909f56bfc062723c751e8b465ee728b)  -> (artifact id: '55d89fd9b2b5cb243b70e03de1e84f9a') in 0.042347 seconds 
========================================================================
Received Import Request.
  Time since last request: 37.556767 seconds.
  path: Assets/PolygonBattleRoyale/Materials/PolygonBattleRoyale_02_A.mat
  artifactKey: Guid(f773f9e7d08bedd44b73534af5c327e2) Importer(815301076,1909f56bfc062723c751e8b465ee728b)
Start importing Assets/PolygonBattleRoyale/Materials/PolygonBattleRoyale_02_A.mat using Guid(f773f9e7d08bedd44b73534af5c327e2) Importer(815301076,1909f56bfc062723c751e8b465ee728b)  -> (artifact id: 'bebfaeab2284324e2c6657ccf9e520d3') in 0.073668 seconds 
========================================================================
Received Prepare
Registering precompiled user dll's ...
Registered in 0.004990 seconds.
Begin MonoManager ReloadAssembly
Symbol file LoadedFromMemory doesn't match image F:\AIAclassdata\Unity\Unity Project\Multi_Mini\Library\PackageCache\com.unity.visualscripting@1.8.0\Editor\VisualScripting.Core\Dependencies\YamlDotNet\Unity.VisualScripting.YamlDotNet.dll
Symbol file LoadedFromMemory doesn't match image F:\AIAclassdata\Unity\Unity Project\Multi_Mini\Library\PackageCache\com.unity.visualscripting@1.8.0\Editor\VisualScripting.Core\Dependencies\DotNetZip\Unity.VisualScripting.IonicZip.dll
Native extension for WindowsStandalone target not found
Native extension for Android target not found
Native extension for WebGL target not found
Refreshing native plugins compatible for Editor in 0.72 ms, found 3 plugins.
Preloading 0 native plugins for Editor in 0.00 ms.
Mono: successfully reloaded assembly
- Completed reload, in  1.439 seconds
Domain Reload Profiling:
	ReloadAssembly (1440ms)
		BeginReloadAssembly (309ms)
			ExecutionOrderSort (0ms)
			DisableScriptedObjects (5ms)
			BackupInstance (0ms)
			ReleaseScriptingObjects (0ms)
			CreateAndSetChildDomain (34ms)
		EndReloadAssembly (1008ms)
			LoadAssemblies (283ms)
			RebuildTransferFunctionScriptingTraits (0ms)
			SetupTypeCache (305ms)
			ReleaseScriptCaches (1ms)
			RebuildScriptCaches (48ms)
			SetupLoadedEditorAssemblies (477ms)
				LogAssemblyErrors (0ms)
				InitializePlatformSupportModulesInManaged (49ms)
				SetLoadedEditorAssemblies (0ms)
				RefreshPlugins (1ms)
				BeforeProcessingInitializeOnLoad (162ms)
				ProcessInitializeOnLoadAttributes (220ms)
				ProcessInitializeOnLoadMethodAttributes (25ms)
				AfterProcessingInitializeOnLoad (19ms)
				EditorAssembliesLoaded (0ms)
			ExecutionOrderSort2 (0ms)
			AwakeInstancesAfterBackupRestoration (6ms)
Platform modules already initialized, skipping
Refreshing native plugins compatible for Editor in 2.18 ms, found 3 plugins.
Preloading 0 native plugins for Editor in 0.00 ms.
Unloading 3298 Unused Serialized files (Serialized files now loaded: 0)
Unloading 22 unused Assets / (80.2 KB). Loaded Objects now: 3846.
Memory consumption went from 129.9 MB to 129.8 MB.
Total: 3.112100 ms (FindLiveObjects: 0.333100 ms CreateObjectMapping: 0.252000 ms MarkObjects: 2.256100 ms  DeleteObjects: 0.270100 ms)

AssetImportParameters requested are different than current active one (requested -> active):
  custom:video-decoder-ogg-theora: a1e56fd34408186e4bbccfd4996cb3dc -> 
  custom:container-muxer-webm: aa71ff27fc2769a1b78a27578f13a17b -> 
  custom:container-demuxer-webm: 4f35f7cbe854078d1ac9338744f61a02 -> 
  custom:video-encoder-webm-vp8: eb34c28f22e8b96e1ab97ce403110664 -> 
  custom:audio-encoder-webm-vorbis: bf7c407c2cedff20999df2af8eb42d56 -> 
  custom:framework-win-MediaFoundation: 216162199b28c13a410421893ffa2e32 -> 
  custom:container-demuxer-ogg: 62fdf1f143b41e24485cea50d1cbac27 -> 
  custom:video-decoder-webm-vp8: 9c59270c3fd7afecdb556c50c9e8de78 -> 
  custom:audio-decoder-ogg-vorbis: bf7c407c2cedff20999df2af8eb42d56 -> 
========================================================================
Received Prepare
Registering precompiled user dll's ...
Registered in 0.004635 seconds.
Begin MonoManager ReloadAssembly
Symbol file LoadedFromMemory doesn't match image F:\AIAclassdata\Unity\Unity Project\Multi_Mini\Library\PackageCache\com.unity.visualscripting@1.8.0\Editor\VisualScripting.Core\Dependencies\YamlDotNet\Unity.VisualScripting.YamlDotNet.dll
Symbol file LoadedFromMemory doesn't match image F:\AIAclassdata\Unity\Unity Project\Multi_Mini\Library\PackageCache\com.unity.visualscripting@1.8.0\Editor\VisualScripting.Core\Dependencies\DotNetZip\Unity.VisualScripting.IonicZip.dll
Native extension for WindowsStandalone target not found
Native extension for Android target not found
Native extension for WebGL target not found
Refreshing native plugins compatible for Editor in 0.75 ms, found 3 plugins.
Preloading 0 native plugins for Editor in 0.00 ms.
Mono: successfully reloaded assembly
- Completed reload, in  1.421 seconds
Domain Reload Profiling:
	ReloadAssembly (1422ms)
		BeginReloadAssembly (311ms)
			ExecutionOrderSort (0ms)
			DisableScriptedObjects (6ms)
			BackupInstance (0ms)
			ReleaseScriptingObjects (0ms)
			CreateAndSetChildDomain (31ms)
		EndReloadAssembly (991ms)
			LoadAssemblies (286ms)
			RebuildTransferFunctionScriptingTraits (0ms)
			SetupTypeCache (305ms)
			ReleaseScriptCaches (1ms)
			RebuildScriptCaches (49ms)
			SetupLoadedEditorAssemblies (468ms)
				LogAssemblyErrors (0ms)
				InitializePlatformSupportModulesInManaged (49ms)
				SetLoadedEditorAssemblies (1ms)
				RefreshPlugins (1ms)
				BeforeProcessingInitializeOnLoad (154ms)
				ProcessInitializeOnLoadAttributes (223ms)
				ProcessInitializeOnLoadMethodAttributes (25ms)
				AfterProcessingInitializeOnLoad (16ms)
				EditorAssembliesLoaded (0ms)
			ExecutionOrderSort2 (0ms)
			AwakeInstancesAfterBackupRestoration (7ms)
Platform modules already initialized, skipping
Refreshing native plugins compatible for Editor in 3.18 ms, found 3 plugins.
Preloading 0 native plugins for Editor in 0.00 ms.
Unloading 3298 Unused Serialized files (Serialized files now loaded: 0)
Unloading 22 unused Assets / (80.4 KB). Loaded Objects now: 3850.
Memory consumption went from 129.9 MB to 129.8 MB.
Total: 5.936700 ms (FindLiveObjects: 0.283400 ms CreateObjectMapping: 0.215200 ms MarkObjects: 5.330500 ms  DeleteObjects: 0.106300 ms)

AssetImportParameters requested are different than current active one (requested -> active):
  custom:video-decoder-ogg-theora: a1e56fd34408186e4bbccfd4996cb3dc -> 
  custom:container-muxer-webm: aa71ff27fc2769a1b78a27578f13a17b -> 
  custom:container-demuxer-webm: 4f35f7cbe854078d1ac9338744f61a02 -> 
  custom:video-encoder-webm-vp8: eb34c28f22e8b96e1ab97ce403110664 -> 
  custom:audio-encoder-webm-vorbis: bf7c407c2cedff20999df2af8eb42d56 -> 
  custom:framework-win-MediaFoundation: 216162199b28c13a410421893ffa2e32 -> 
  custom:container-demuxer-ogg: 62fdf1f143b41e24485cea50d1cbac27 -> 
  custom:video-decoder-webm-vp8: 9c59270c3fd7afecdb556c50c9e8de78 -> 
  custom:audio-decoder-ogg-vorbis: bf7c407c2cedff20999df2af8eb42d56 -> 
Editor requested this worker to shutdown with reason: Scaling down because of idle timeout
AssetImportWorker is now disconnected from the server
Process exiting
Exiting without the bug reporter. Application will terminate with return code 0